-------------------------------------------------------------------------------
Test set: testRunner.TestRunner
-------------------------------------------------------------------------------
Tests run: 274, Failures: 44, Errors: 230, Skipped: 0, Time elapsed: 3,993.132 sec <<< FAILURE!
Enter the First Name field(Validating the text fields on the Registration page)  Time elapsed: 20.104 sec  <<< FAILURE!
org.junit.ComparisonFailure: expected:<[//LMS.com]> but was:<[https://dsportalapp.herokuapp.com/]>
	at org.junit.Assert.assertEquals(Assert.java:117)
	at org.junit.Assert.assertEquals(Assert.java:146)
	at stepDefinations.LoginUsers.admin_user_staff_is_on_to_lms_website(LoginUsers.java:44)
	at ✽.Admin/User/Staff is on to LMS website(file:///C:/Users/Arivoli/eclipse-workspace/LMS-20221128T034204Z-001/LMS/src/test/resources/features/1Registration_Fields.feature:4)

Enter the Last Name Field(Validating the text fields on the Registration page)  Time elapsed: 18.248 sec  <<< FAILURE!
org.junit.ComparisonFailure: expected:<[//LMS.com]> but was:<[https://dsportalapp.herokuapp.com/]>
	at org.junit.Assert.assertEquals(Assert.java:117)
	at org.junit.Assert.assertEquals(Assert.java:146)
	at stepDefinations.LoginUsers.admin_user_staff_is_on_to_lms_website(LoginUsers.java:44)
	at ✽.Admin/User/Staff is on to LMS website(file:///C:/Users/Arivoli/eclipse-workspace/LMS-20221128T034204Z-001/LMS/src/test/resources/features/1Registration_Fields.feature:4)

Enter the Address Field(Validating the text fields on the Registration page)  Time elapsed: 18.351 sec  <<< FAILURE!
org.junit.ComparisonFailure: expected:<[//LMS.com]> but was:<[https://dsportalapp.herokuapp.com/]>
	at org.junit.Assert.assertEquals(Assert.java:117)
	at org.junit.Assert.assertEquals(Assert.java:146)
	at stepDefinations.LoginUsers.admin_user_staff_is_on_to_lms_website(LoginUsers.java:44)
	at ✽.Admin/User/Staff is on to LMS website(file:///C:/Users/Arivoli/eclipse-workspace/LMS-20221128T034204Z-001/LMS/src/test/resources/features/1Registration_Fields.feature:4)

Enter the Street Name Field(Validating the text fields on the Registration page)  Time elapsed: 2.03 sec  <<< FAILURE!
org.junit.ComparisonFailure: expected:<[//LMS.com]> but was:<[https://dsportalapp.herokuapp.com/]>
	at org.junit.Assert.assertEquals(Assert.java:117)
	at org.junit.Assert.assertEquals(Assert.java:146)
	at stepDefinations.LoginUsers.admin_user_staff_is_on_to_lms_website(LoginUsers.java:44)
	at ✽.Admin/User/Staff is on to LMS website(file:///C:/Users/Arivoli/eclipse-workspace/LMS-20221128T034204Z-001/LMS/src/test/resources/features/1Registration_Fields.feature:4)

Enters the Zip field(Validating the text fields on the Registration page)  Time elapsed: 2.331 sec  <<< ERROR!
org.openqa.selenium.TimeoutException: timeout: Timed out receiving message from renderer: 0.368
  (Session info: chrome=107.0.5304.122)
Build info: version: '4.4.0', revision: 'e5c75ed026a'
System info: host: 'DESKTOP-EOOD945', ip: '192.168.1.101', os.name: 'Windows 11', os.arch: 'amd64', os.version: '10.0', java.version: '18.0.2.1'
Driver info: org.openqa.selenium.chrome.ChromeDriver
Command: [57e76b9a7cd104abc941dbed4cb63326, get {url=https://dsportalapp.herokuapp.com/}]
Capabilities {acceptInsecureCerts: false, browserName: chrome, browserVersion: 107.0.5304.122, chrome: {chromedriverVersion: 107.0.5304.62 (1eec40d3a576..., userDataDir: C:\Users\Arivoli\AppData\Lo...}, goog:chromeOptions: {debuggerAddress: localhost:56393}, networkConnectionEnabled: false, pageLoadStrategy: normal, platformName: WINDOWS, proxy: Proxy(), se:cdp: ws://localhost:56393/devtoo..., se:cdpVersion: 107.0.5304.122, setWindowRect: true, strictFileInteractability: false, timeouts: {implicit: 0, pageLoad: 300000, script: 30000}, unhandledPromptBehavior: dismiss and notify, webauthn:extension:credBlob: true, webauthn:extension:largeBlob: true, webauthn:virtualAuthenticators: true}
Session ID: 57e76b9a7cd104abc941dbed4cb63326
	at java.base/jdk.internal.reflect.DirectConstructorHandleAccessor.newInstance(DirectConstructorHandleAccessor.java:67)
	at java.base/java.lang.reflect.Constructor.newInstanceWithCaller(Constructor.java:499)
	at java.base/java.lang.reflect.Constructor.newInstance(Constructor.java:483)
	at org.openqa.selenium.remote.codec.w3c.W3CHttpResponseCodec.createException(W3CHttpResponseCodec.java:200)
	at org.openqa.selenium.remote.codec.w3c.W3CHttpResponseCodec.decode(W3CHttpResponseCodec.java:133)
	at org.openqa.selenium.remote.codec.w3c.W3CHttpResponseCodec.decode(W3CHttpResponseCodec.java:53)
	at org.openqa.selenium.remote.HttpCommandExecutor.execute(HttpCommandExecutor.java:184)
	at org.openqa.selenium.remote.service.DriverCommandExecutor.invokeExecute(DriverCommandExecutor.java:167)
	at org.openqa.selenium.remote.service.DriverCommandExecutor.execute(DriverCommandExecutor.java:142)
	at org.openqa.selenium.remote.RemoteWebDriver.execute(RemoteWebDriver.java:547)
	at org.openqa.selenium.remote.RemoteWebDriver.get(RemoteWebDriver.java:310)
	at baseClass.TestBase.Initialization(TestBase.java:56)
	at stepDefinations.Hooks.setUp(Hooks.java:13)

Enters the City field(Validating the text fields on the Registration page)  Time elapsed: 1.773 sec  <<< FAILURE!
org.junit.ComparisonFailure: expected:<[//LMS.com]> but was:<[https://dsportalapp.herokuapp.com/]>
	at org.junit.Assert.assertEquals(Assert.java:117)
	at org.junit.Assert.assertEquals(Assert.java:146)
	at stepDefinations.LoginUsers.admin_user_staff_is_on_to_lms_website(LoginUsers.java:44)
	at ✽.Admin/User/Staff is on to LMS website(file:///C:/Users/Arivoli/eclipse-workspace/LMS-20221128T034204Z-001/LMS/src/test/resources/features/1Registration_Fields.feature:4)

Selects the State field(Validating the text fields on the Registration page)  Time elapsed: 18.364 sec  <<< ERROR!
org.openqa.selenium.TimeoutException: timeout: Timed out receiving message from renderer: 0.362
  (Session info: chrome=107.0.5304.122)
Build info: version: '4.4.0', revision: 'e5c75ed026a'
System info: host: 'DESKTOP-EOOD945', ip: '192.168.1.101', os.name: 'Windows 11', os.arch: 'amd64', os.version: '10.0', java.version: '18.0.2.1'
Driver info: org.openqa.selenium.chrome.ChromeDriver
Command: [6602796e4cde749815a7de97e94b559e, get {url=https://dsportalapp.herokuapp.com/}]
Capabilities {acceptInsecureCerts: false, browserName: chrome, browserVersion: 107.0.5304.122, chrome: {chromedriverVersion: 107.0.5304.62 (1eec40d3a576..., userDataDir: C:\Users\Arivoli\AppData\Lo...}, goog:chromeOptions: {debuggerAddress: localhost:56429}, networkConnectionEnabled: false, pageLoadStrategy: normal, platformName: WINDOWS, proxy: Proxy(), se:cdp: ws://localhost:56429/devtoo..., se:cdpVersion: 107.0.5304.122, setWindowRect: true, strictFileInteractability: false, timeouts: {implicit: 0, pageLoad: 300000, script: 30000}, unhandledPromptBehavior: dismiss and notify, webauthn:extension:credBlob: true, webauthn:extension:largeBlob: true, webauthn:virtualAuthenticators: true}
Session ID: 6602796e4cde749815a7de97e94b559e
	at java.base/jdk.internal.reflect.DirectConstructorHandleAccessor.newInstance(DirectConstructorHandleAccessor.java:67)
	at java.base/java.lang.reflect.Constructor.newInstanceWithCaller(Constructor.java:499)
	at java.base/java.lang.reflect.Constructor.newInstance(Constructor.java:483)
	at org.openqa.selenium.remote.codec.w3c.W3CHttpResponseCodec.createException(W3CHttpResponseCodec.java:200)
	at org.openqa.selenium.remote.codec.w3c.W3CHttpResponseCodec.decode(W3CHttpResponseCodec.java:133)
	at org.openqa.selenium.remote.codec.w3c.W3CHttpResponseCodec.decode(W3CHttpResponseCodec.java:53)
	at org.openqa.selenium.remote.HttpCommandExecutor.execute(HttpCommandExecutor.java:184)
	at org.openqa.selenium.remote.service.DriverCommandExecutor.invokeExecute(DriverCommandExecutor.java:167)
	at org.openqa.selenium.remote.service.DriverCommandExecutor.execute(DriverCommandExecutor.java:142)
	at org.openqa.selenium.remote.RemoteWebDriver.execute(RemoteWebDriver.java:547)
	at org.openqa.selenium.remote.RemoteWebDriver.get(RemoteWebDriver.java:310)
	at baseClass.TestBase.Initialization(TestBase.java:56)
	at stepDefinations.Hooks.setUp(Hooks.java:13)

Enter the Phone Number(Validating the text fields on the Registration page)  Time elapsed: 17.961 sec  <<< FAILURE!
org.junit.ComparisonFailure: expected:<[//LMS.com]> but was:<[https://dsportalapp.herokuapp.com/]>
	at org.junit.Assert.assertEquals(Assert.java:117)
	at org.junit.Assert.assertEquals(Assert.java:146)
	at stepDefinations.LoginUsers.admin_user_staff_is_on_to_lms_website(LoginUsers.java:44)
	at ✽.Admin/User/Staff is on to LMS website(file:///C:/Users/Arivoli/eclipse-workspace/LMS-20221128T034204Z-001/LMS/src/test/resources/features/1Registration_Fields.feature:4)

Selects the Birth Date(Validating the text fields on the Registration page)  Time elapsed: 17.984 sec  <<< FAILURE!
org.junit.ComparisonFailure: expected:<[//LMS.com]> but was:<[https://dsportalapp.herokuapp.com/]>
	at org.junit.Assert.assertEquals(Assert.java:117)
	at org.junit.Assert.assertEquals(Assert.java:146)
	at stepDefinations.LoginUsers.admin_user_staff_is_on_to_lms_website(LoginUsers.java:44)
	at ✽.Admin/User/Staff is on to LMS website(file:///C:/Users/Arivoli/eclipse-workspace/LMS-20221128T034204Z-001/LMS/src/test/resources/features/1Registration_Fields.feature:4)

Enter valid Password(Validating the text fields on the Registration page)  Time elapsed: 1.82 sec  <<< FAILURE!
org.junit.ComparisonFailure: expected:<[//LMS.com]> but was:<[https://dsportalapp.herokuapp.com/]>
	at org.junit.Assert.assertEquals(Assert.java:117)
	at org.junit.Assert.assertEquals(Assert.java:146)
	at stepDefinations.LoginUsers.admin_user_staff_is_on_to_lms_website(LoginUsers.java:44)
	at ✽.Admin/User/Staff is on to LMS website(file:///C:/Users/Arivoli/eclipse-workspace/LMS-20221128T034204Z-001/LMS/src/test/resources/features/1Registration_Fields.feature:4)

Enter Valid UserName(Validating the text fields on the Registration page)  Time elapsed: 17.982 sec  <<< FAILURE!
org.junit.ComparisonFailure: expected:<[//LMS.com]> but was:<[https://dsportalapp.herokuapp.com/]>
	at org.junit.Assert.assertEquals(Assert.java:117)
	at org.junit.Assert.assertEquals(Assert.java:146)
	at stepDefinations.LoginUsers.admin_user_staff_is_on_to_lms_website(LoginUsers.java:44)
	at ✽.Admin/User/Staff is on to LMS website(file:///C:/Users/Arivoli/eclipse-workspace/LMS-20221128T034204Z-001/LMS/src/test/resources/features/1Registration_Fields.feature:4)

Enter Valid Email(Validating the text fields on the Registration page)  Time elapsed: 1.903 sec  <<< FAILURE!
org.junit.ComparisonFailure: expected:<[//LMS.com]> but was:<[https://dsportalapp.herokuapp.com/]>
	at org.junit.Assert.assertEquals(Assert.java:117)
	at org.junit.Assert.assertEquals(Assert.java:146)
	at stepDefinations.LoginUsers.admin_user_staff_is_on_to_lms_website(LoginUsers.java:44)
	at ✽.Admin/User/Staff is on to LMS website(file:///C:/Users/Arivoli/eclipse-workspace/LMS-20221128T034204Z-001/LMS/src/test/resources/features/1Registration_Fields.feature:4)

Validating the Sign Up form with all fields empty(Validating the text fields on the Registration page)  Time elapsed: 17.998 sec  <<< FAILURE!
org.junit.ComparisonFailure: expected:<[//LMS.com]> but was:<[https://dsportalapp.herokuapp.com/]>
	at org.junit.Assert.assertEquals(Assert.java:117)
	at org.junit.Assert.assertEquals(Assert.java:146)
	at stepDefinations.LoginUsers.admin_user_staff_is_on_to_lms_website(LoginUsers.java:44)
	at ✽.Admin/User/Staff is on to LMS website(file:///C:/Users/Arivoli/eclipse-workspace/LMS-20221128T034204Z-001/LMS/src/test/resources/features/1Registration_Fields.feature:4)

Validating the First Name field on Registeration Page(Validating the text fields on the Registration page)  Time elapsed: 1.833 sec  <<< FAILURE!
org.junit.ComparisonFailure: expected:<[//LMS.com]> but was:<[https://dsportalapp.herokuapp.com/]>
	at org.junit.Assert.assertEquals(Assert.java:117)
	at org.junit.Assert.assertEquals(Assert.java:146)
	at stepDefinations.LoginUsers.admin_user_staff_is_on_to_lms_website(LoginUsers.java:44)
	at ✽.Admin/User/Staff is on to LMS website(file:///C:/Users/Arivoli/eclipse-workspace/LMS-20221128T034204Z-001/LMS/src/test/resources/features/1Registration_Fields.feature:4)

Validating the Last Name field on Registeration Page(Validating the text fields on the Registration page)  Time elapsed: 2.04 sec  <<< FAILURE!
org.junit.ComparisonFailure: expected:<[//LMS.com]> but was:<[https://dsportalapp.herokuapp.com/]>
	at org.junit.Assert.assertEquals(Assert.java:117)
	at org.junit.Assert.assertEquals(Assert.java:146)
	at stepDefinations.LoginUsers.admin_user_staff_is_on_to_lms_website(LoginUsers.java:44)
	at ✽.Admin/User/Staff is on to LMS website(file:///C:/Users/Arivoli/eclipse-workspace/LMS-20221128T034204Z-001/LMS/src/test/resources/features/1Registration_Fields.feature:4)

Validating the Address field on Registeration Page(Validating the text fields on the Registration page)  Time elapsed: 18.262 sec  <<< FAILURE!
org.junit.ComparisonFailure: expected:<[//LMS.com]> but was:<[https://dsportalapp.herokuapp.com/]>
	at org.junit.Assert.assertEquals(Assert.java:117)
	at org.junit.Assert.assertEquals(Assert.java:146)
	at stepDefinations.LoginUsers.admin_user_staff_is_on_to_lms_website(LoginUsers.java:44)
	at ✽.Admin/User/Staff is on to LMS website(file:///C:/Users/Arivoli/eclipse-workspace/LMS-20221128T034204Z-001/LMS/src/test/resources/features/1Registration_Fields.feature:4)

Validating the Street Name field on Registeration Page(Validating the text fields on the Registration page)  Time elapsed: 1.728 sec  <<< FAILURE!
org.junit.ComparisonFailure: expected:<[//LMS.com]> but was:<[https://dsportalapp.herokuapp.com/]>
	at org.junit.Assert.assertEquals(Assert.java:117)
	at org.junit.Assert.assertEquals(Assert.java:146)
	at stepDefinations.LoginUsers.admin_user_staff_is_on_to_lms_website(LoginUsers.java:44)
	at ✽.Admin/User/Staff is on to LMS website(file:///C:/Users/Arivoli/eclipse-workspace/LMS-20221128T034204Z-001/LMS/src/test/resources/features/1Registration_Fields.feature:4)

Validating the Zip field on Registeration Page(Validating the text fields on the Registration page)  Time elapsed: 18.21 sec  <<< FAILURE!
org.junit.ComparisonFailure: expected:<[//LMS.com]> but was:<[https://dsportalapp.herokuapp.com/]>
	at org.junit.Assert.assertEquals(Assert.java:117)
	at org.junit.Assert.assertEquals(Assert.java:146)
	at stepDefinations.LoginUsers.admin_user_staff_is_on_to_lms_website(LoginUsers.java:44)
	at ✽.Admin/User/Staff is on to LMS website(file:///C:/Users/Arivoli/eclipse-workspace/LMS-20221128T034204Z-001/LMS/src/test/resources/features/1Registration_Fields.feature:4)

Validating the City field on Registeration Page(Validating the text fields on the Registration page)  Time elapsed: 17.881 sec  <<< FAILURE!
org.junit.ComparisonFailure: expected:<[//LMS.com]> but was:<[https://dsportalapp.herokuapp.com/]>
	at org.junit.Assert.assertEquals(Assert.java:117)
	at org.junit.Assert.assertEquals(Assert.java:146)
	at stepDefinations.LoginUsers.admin_user_staff_is_on_to_lms_website(LoginUsers.java:44)
	at ✽.Admin/User/Staff is on to LMS website(file:///C:/Users/Arivoli/eclipse-workspace/LMS-20221128T034204Z-001/LMS/src/test/resources/features/1Registration_Fields.feature:4)

Validating the State field on Registeration Page(Validating the text fields on the Registration page)  Time elapsed: 2.319 sec  <<< ERROR!
org.openqa.selenium.TimeoutException: timeout: Timed out receiving message from renderer: 0.342
  (Session info: chrome=107.0.5304.122)
Build info: version: '4.4.0', revision: 'e5c75ed026a'
System info: host: 'DESKTOP-EOOD945', ip: '192.168.1.101', os.name: 'Windows 11', os.arch: 'amd64', os.version: '10.0', java.version: '18.0.2.1'
Driver info: org.openqa.selenium.chrome.ChromeDriver
Command: [cc0b4dd23ab4228ac338d28e9dd9b9d2, get {url=https://dsportalapp.herokuapp.com/}]
Capabilities {acceptInsecureCerts: false, browserName: chrome, browserVersion: 107.0.5304.122, chrome: {chromedriverVersion: 107.0.5304.62 (1eec40d3a576..., userDataDir: C:\Users\Arivoli\AppData\Lo...}, goog:chromeOptions: {debuggerAddress: localhost:56740}, networkConnectionEnabled: false, pageLoadStrategy: normal, platformName: WINDOWS, proxy: Proxy(), se:cdp: ws://localhost:56740/devtoo..., se:cdpVersion: 107.0.5304.122, setWindowRect: true, strictFileInteractability: false, timeouts: {implicit: 0, pageLoad: 300000, script: 30000}, unhandledPromptBehavior: dismiss and notify, webauthn:extension:credBlob: true, webauthn:extension:largeBlob: true, webauthn:virtualAuthenticators: true}
Session ID: cc0b4dd23ab4228ac338d28e9dd9b9d2
	at java.base/jdk.internal.reflect.DirectConstructorHandleAccessor.newInstance(DirectConstructorHandleAccessor.java:67)
	at java.base/java.lang.reflect.Constructor.newInstanceWithCaller(Constructor.java:499)
	at java.base/java.lang.reflect.Constructor.newInstance(Constructor.java:483)
	at org.openqa.selenium.remote.codec.w3c.W3CHttpResponseCodec.createException(W3CHttpResponseCodec.java:200)
	at org.openqa.selenium.remote.codec.w3c.W3CHttpResponseCodec.decode(W3CHttpResponseCodec.java:133)
	at org.openqa.selenium.remote.codec.w3c.W3CHttpResponseCodec.decode(W3CHttpResponseCodec.java:53)
	at org.openqa.selenium.remote.HttpCommandExecutor.execute(HttpCommandExecutor.java:184)
	at org.openqa.selenium.remote.service.DriverCommandExecutor.invokeExecute(DriverCommandExecutor.java:167)
	at org.openqa.selenium.remote.service.DriverCommandExecutor.execute(DriverCommandExecutor.java:142)
	at org.openqa.selenium.remote.RemoteWebDriver.execute(RemoteWebDriver.java:547)
	at org.openqa.selenium.remote.RemoteWebDriver.get(RemoteWebDriver.java:310)
	at baseClass.TestBase.Initialization(TestBase.java:56)
	at stepDefinations.Hooks.setUp(Hooks.java:13)

Validating the Phone Number field on Registeration Page(Validating the text fields on the Registration page)  Time elapsed: 2.175 sec  <<< ERROR!
org.openqa.selenium.TimeoutException: timeout: Timed out receiving message from renderer: 0.372
  (Session info: chrome=107.0.5304.122)
Build info: version: '4.4.0', revision: 'e5c75ed026a'
System info: host: 'DESKTOP-EOOD945', ip: '192.168.1.101', os.name: 'Windows 11', os.arch: 'amd64', os.version: '10.0', java.version: '18.0.2.1'
Driver info: org.openqa.selenium.chrome.ChromeDriver
Command: [f3de814a066fb1304197afd53dfbc1bd, get {url=https://dsportalapp.herokuapp.com/}]
Capabilities {acceptInsecureCerts: false, browserName: chrome, browserVersion: 107.0.5304.122, chrome: {chromedriverVersion: 107.0.5304.62 (1eec40d3a576..., userDataDir: C:\Users\Arivoli\AppData\Lo...}, goog:chromeOptions: {debuggerAddress: localhost:56759}, networkConnectionEnabled: false, pageLoadStrategy: normal, platformName: WINDOWS, proxy: Proxy(), se:cdp: ws://localhost:56759/devtoo..., se:cdpVersion: 107.0.5304.122, setWindowRect: true, strictFileInteractability: false, timeouts: {implicit: 0, pageLoad: 300000, script: 30000}, unhandledPromptBehavior: dismiss and notify, webauthn:extension:credBlob: true, webauthn:extension:largeBlob: true, webauthn:virtualAuthenticators: true}
Session ID: f3de814a066fb1304197afd53dfbc1bd
	at java.base/jdk.internal.reflect.DirectConstructorHandleAccessor.newInstance(DirectConstructorHandleAccessor.java:67)
	at java.base/java.lang.reflect.Constructor.newInstanceWithCaller(Constructor.java:499)
	at java.base/java.lang.reflect.Constructor.newInstance(Constructor.java:483)
	at org.openqa.selenium.remote.codec.w3c.W3CHttpResponseCodec.createException(W3CHttpResponseCodec.java:200)
	at org.openqa.selenium.remote.codec.w3c.W3CHttpResponseCodec.decode(W3CHttpResponseCodec.java:133)
	at org.openqa.selenium.remote.codec.w3c.W3CHttpResponseCodec.decode(W3CHttpResponseCodec.java:53)
	at org.openqa.selenium.remote.HttpCommandExecutor.execute(HttpCommandExecutor.java:184)
	at org.openqa.selenium.remote.service.DriverCommandExecutor.invokeExecute(DriverCommandExecutor.java:167)
	at org.openqa.selenium.remote.service.DriverCommandExecutor.execute(DriverCommandExecutor.java:142)
	at org.openqa.selenium.remote.RemoteWebDriver.execute(RemoteWebDriver.java:547)
	at org.openqa.selenium.remote.RemoteWebDriver.get(RemoteWebDriver.java:310)
	at baseClass.TestBase.Initialization(TestBase.java:56)
	at stepDefinations.Hooks.setUp(Hooks.java:13)

Validating the BirthDate field on Registeration Page(Validating the text fields on the Registration page)  Time elapsed: 1.744 sec  <<< FAILURE!
org.junit.ComparisonFailure: expected:<[//LMS.com]> but was:<[https://dsportalapp.herokuapp.com/]>
	at org.junit.Assert.assertEquals(Assert.java:117)
	at org.junit.Assert.assertEquals(Assert.java:146)
	at stepDefinations.LoginUsers.admin_user_staff_is_on_to_lms_website(LoginUsers.java:44)
	at ✽.Admin/User/Staff is on to LMS website(file:///C:/Users/Arivoli/eclipse-workspace/LMS-20221128T034204Z-001/LMS/src/test/resources/features/1Registration_Fields.feature:4)

Validating the UserName field on Registeration Page(Validating the text fields on the Registration page)  Time elapsed: 1.81 sec  <<< FAILURE!
org.junit.ComparisonFailure: expected:<[//LMS.com]> but was:<[https://dsportalapp.herokuapp.com/]>
	at org.junit.Assert.assertEquals(Assert.java:117)
	at org.junit.Assert.assertEquals(Assert.java:146)
	at stepDefinations.LoginUsers.admin_user_staff_is_on_to_lms_website(LoginUsers.java:44)
	at ✽.Admin/User/Staff is on to LMS website(file:///C:/Users/Arivoli/eclipse-workspace/LMS-20221128T034204Z-001/LMS/src/test/resources/features/1Registration_Fields.feature:4)

Validating the Password field on Registeration Page(Validating the text fields on the Registration page)  Time elapsed: 2.135 sec  <<< FAILURE!
org.junit.ComparisonFailure: expected:<[//LMS.com]> but was:<[https://dsportalapp.herokuapp.com/]>
	at org.junit.Assert.assertEquals(Assert.java:117)
	at org.junit.Assert.assertEquals(Assert.java:146)
	at stepDefinations.LoginUsers.admin_user_staff_is_on_to_lms_website(LoginUsers.java:44)
	at ✽.Admin/User/Staff is on to LMS website(file:///C:/Users/Arivoli/eclipse-workspace/LMS-20221128T034204Z-001/LMS/src/test/resources/features/1Registration_Fields.feature:4)

Validating Sign Up form with valid data(Validating the text fields on the Registration page)  Time elapsed: 17.937 sec  <<< FAILURE!
org.junit.ComparisonFailure: expected:<[//LMS.com]> but was:<[https://dsportalapp.herokuapp.com/]>
	at org.junit.Assert.assertEquals(Assert.java:117)
	at org.junit.Assert.assertEquals(Assert.java:146)
	at stepDefinations.LoginUsers.admin_user_staff_is_on_to_lms_website(LoginUsers.java:44)
	at ✽.Admin/User/Staff is on to LMS website(file:///C:/Users/Arivoli/eclipse-workspace/LMS-20221128T034204Z-001/LMS/src/test/resources/features/1Registration_Fields.feature:4)

Validating the signup form with existing name(Validating the text fields on the Registration page)  Time elapsed: 17.929 sec  <<< FAILURE!
org.junit.ComparisonFailure: expected:<[//LMS.com]> but was:<[https://dsportalapp.herokuapp.com/]>
	at org.junit.Assert.assertEquals(Assert.java:117)
	at org.junit.Assert.assertEquals(Assert.java:146)
	at stepDefinations.LoginUsers.admin_user_staff_is_on_to_lms_website(LoginUsers.java:44)
	at ✽.Admin/User/Staff is on to LMS website(file:///C:/Users/Arivoli/eclipse-workspace/LMS-20221128T034204Z-001/LMS/src/test/resources/features/1Registration_Fields.feature:4)

Validating the heading of Registration form(Header Validation)  Time elapsed: 18.359 sec  <<< FAILURE!
org.junit.ComparisonFailure: expected:<[//LMS.com]> but was:<[https://dsportalapp.herokuapp.com/]>
	at org.junit.Assert.assertEquals(Assert.java:117)
	at org.junit.Assert.assertEquals(Assert.java:146)
	at stepDefinations.LoginUsers.admin_user_staff_is_on_to_lms_website(LoginUsers.java:44)
	at ✽.Admin/User/Staff is on to LMS website(file:///C:/Users/Arivoli/eclipse-workspace/LMS-20221128T034204Z-001/LMS/src/test/resources/features/1Registration_Header.feature:4)

Validating the Login button functionality(Login Button)  Time elapsed: 2.125 sec  <<< FAILURE!
org.junit.ComparisonFailure: expected:<[//LMS.com]> but was:<[https://dsportalapp.herokuapp.com/]>
	at org.junit.Assert.assertEquals(Assert.java:117)
	at org.junit.Assert.assertEquals(Assert.java:146)
	at stepDefinations.LoginUsers.admin_user_staff_is_on_to_lms_website(LoginUsers.java:44)
	at ✽.Admin/User/Staff is on to LMS website(file:///C:/Users/Arivoli/eclipse-workspace/LMS-20221128T034204Z-001/LMS/src/test/resources/features/1Registration_LoginButton.feature:4)

Validating the Login button visibility(Login Button)  Time elapsed: 2.177 sec  <<< ERROR!
org.openqa.selenium.TimeoutException: timeout: Timed out receiving message from renderer: 0.367
  (Session info: chrome=107.0.5304.122)
Build info: version: '4.4.0', revision: 'e5c75ed026a'
System info: host: 'DESKTOP-EOOD945', ip: '192.168.1.101', os.name: 'Windows 11', os.arch: 'amd64', os.version: '10.0', java.version: '18.0.2.1'
Driver info: org.openqa.selenium.chrome.ChromeDriver
Command: [8485b4925a4f59c87a9570ad022aa365, get {url=https://dsportalapp.herokuapp.com/}]
Capabilities {acceptInsecureCerts: false, browserName: chrome, browserVersion: 107.0.5304.122, chrome: {chromedriverVersion: 107.0.5304.62 (1eec40d3a576..., userDataDir: C:\Users\Arivoli\AppData\Lo...}, goog:chromeOptions: {debuggerAddress: localhost:56936}, networkConnectionEnabled: false, pageLoadStrategy: normal, platformName: WINDOWS, proxy: Proxy(), se:cdp: ws://localhost:56936/devtoo..., se:cdpVersion: 107.0.5304.122, setWindowRect: true, strictFileInteractability: false, timeouts: {implicit: 0, pageLoad: 300000, script: 30000}, unhandledPromptBehavior: dismiss and notify, webauthn:extension:credBlob: true, webauthn:extension:largeBlob: true, webauthn:virtualAuthenticators: true}
Session ID: 8485b4925a4f59c87a9570ad022aa365
	at java.base/jdk.internal.reflect.DirectConstructorHandleAccessor.newInstance(DirectConstructorHandleAccessor.java:67)
	at java.base/java.lang.reflect.Constructor.newInstanceWithCaller(Constructor.java:499)
	at java.base/java.lang.reflect.Constructor.newInstance(Constructor.java:483)
	at org.openqa.selenium.remote.codec.w3c.W3CHttpResponseCodec.createException(W3CHttpResponseCodec.java:200)
	at org.openqa.selenium.remote.codec.w3c.W3CHttpResponseCodec.decode(W3CHttpResponseCodec.java:133)
	at org.openqa.selenium.remote.codec.w3c.W3CHttpResponseCodec.decode(W3CHttpResponseCodec.java:53)
	at org.openqa.selenium.remote.HttpCommandExecutor.execute(HttpCommandExecutor.java:184)
	at org.openqa.selenium.remote.service.DriverCommandExecutor.invokeExecute(DriverCommandExecutor.java:167)
	at org.openqa.selenium.remote.service.DriverCommandExecutor.execute(DriverCommandExecutor.java:142)
	at org.openqa.selenium.remote.RemoteWebDriver.execute(RemoteWebDriver.java:547)
	at org.openqa.selenium.remote.RemoteWebDriver.get(RemoteWebDriver.java:310)
	at baseClass.TestBase.Initialization(TestBase.java:56)
	at stepDefinations.Hooks.setUp(Hooks.java:13)

Validating the Sign Up button visibility(Sign Up Button)  Time elapsed: 1.706 sec  <<< FAILURE!
org.junit.ComparisonFailure: expected:<[//LMS.com]> but was:<[https://dsportalapp.herokuapp.com/]>
	at org.junit.Assert.assertEquals(Assert.java:117)
	at org.junit.Assert.assertEquals(Assert.java:146)
	at stepDefinations.LoginUsers.admin_user_staff_is_on_to_lms_website(LoginUsers.java:44)
	at ✽.Admin/User/Staff is on to LMS website(file:///C:/Users/Arivoli/eclipse-workspace/LMS-20221128T034204Z-001/LMS/src/test/resources/features/1Registration_SignUpButton.feature:4)

Validating Assignment Footer(Footer validation)  Time elapsed: 3.044 sec  <<< ERROR!
org.openqa.selenium.NoSuchElementException: no such element: Unable to locate element: {"method":"css selector","selector":"#id_username"}
  (Session info: chrome=107.0.5304.122)
For documentation on this error, please visit: https://selenium.dev/exceptions/#no_such_element
Build info: version: '4.4.0', revision: 'e5c75ed026a'
System info: host: 'DESKTOP-EOOD945', ip: '192.168.1.101', os.name: 'Windows 11', os.arch: 'amd64', os.version: '10.0', java.version: '18.0.2.1'
Driver info: org.openqa.selenium.chrome.ChromeDriver
Command: [d5be9f189bfa2a4642dbbe8a287ce182, findElement {using=id, value=id_username}]
Capabilities {acceptInsecureCerts: false, browserName: chrome, browserVersion: 107.0.5304.122, chrome: {chromedriverVersion: 107.0.5304.62 (1eec40d3a576..., userDataDir: C:\Users\Arivoli\AppData\Lo...}, goog:chromeOptions: {debuggerAddress: localhost:56972}, networkConnectionEnabled: false, pageLoadStrategy: normal, platformName: WINDOWS, proxy: Proxy(), se:cdp: ws://localhost:56972/devtoo..., se:cdpVersion: 107.0.5304.122, setWindowRect: true, strictFileInteractability: false, timeouts: {implicit: 0, pageLoad: 300000, script: 30000}, unhandledPromptBehavior: dismiss and notify, webauthn:extension:credBlob: true, webauthn:extension:largeBlob: true, webauthn:virtualAuthenticators: true}
Session ID: d5be9f189bfa2a4642dbbe8a287ce182
	at java.base/jdk.internal.reflect.DirectConstructorHandleAccessor.newInstance(DirectConstructorHandleAccessor.java:67)
	at java.base/java.lang.reflect.Constructor.newInstanceWithCaller(Constructor.java:499)
	at java.base/java.lang.reflect.Constructor.newInstance(Constructor.java:483)
	at org.openqa.selenium.remote.codec.w3c.W3CHttpResponseCodec.createException(W3CHttpResponseCodec.java:200)
	at org.openqa.selenium.remote.codec.w3c.W3CHttpResponseCodec.decode(W3CHttpResponseCodec.java:133)
	at org.openqa.selenium.remote.codec.w3c.W3CHttpResponseCodec.decode(W3CHttpResponseCodec.java:53)
	at org.openqa.selenium.remote.HttpCommandExecutor.execute(HttpCommandExecutor.java:184)
	at org.openqa.selenium.remote.service.DriverCommandExecutor.invokeExecute(DriverCommandExecutor.java:167)
	at org.openqa.selenium.remote.service.DriverCommandExecutor.execute(DriverCommandExecutor.java:142)
	at org.openqa.selenium.remote.RemoteWebDriver.execute(RemoteWebDriver.java:547)
	at org.openqa.selenium.remote.ElementLocation$ElementFinder$2.findElement(ElementLocation.java:162)
	at org.openqa.selenium.remote.ElementLocation.findElement(ElementLocation.java:66)
	at org.openqa.selenium.remote.RemoteWebDriver.findElement(RemoteWebDriver.java:365)
	at org.openqa.selenium.remote.RemoteWebDriver.findElement(RemoteWebDriver.java:357)
	at org.openqa.selenium.support.pagefactory.DefaultElementLocator.findElement(DefaultElementLocator.java:70)
	at org.openqa.selenium.support.pagefactory.internal.LocatingElementHandler.invoke(LocatingElementHandler.java:39)
	at jdk.proxy2/jdk.proxy2.$Proxy23.sendKeys(Unknown Source)
	at pages.LoginPage.userNameTxt(LoginPage.java:42)
	at stepDefinations.LoginUsers.admin_user_staff_Logged_on_to_lms_website(LoginUsers.java:19)
	at ✽.Admin/User/Staff Logged on to LMS website(file:///C:/Users/Arivoli/eclipse-workspace/LMS-20221128T034204Z-001/LMS/src/test/resources/features/2Assignment_Footer.feature:4)

Validate forgot password link(Forgot Password)  Time elapsed: 1.736 sec  <<< FAILURE!
org.junit.ComparisonFailure: expected:<[//LMS.com]> but was:<[https://dsportalapp.herokuapp.com/]>
	at org.junit.Assert.assertEquals(Assert.java:117)
	at org.junit.Assert.assertEquals(Assert.java:146)
	at stepDefinations.LoginUsers.admin_user_staff_is_on_to_lms_website(LoginUsers.java:44)
	at ✽.Admin/User/Staff is on to LMS website(file:///C:/Users/Arivoli/eclipse-workspace/LMS-20221128T034204Z-001/LMS/src/test/resources/features/2Login_ForgotPassword.feature:4)

Validate forgot password with  email id(Forgot Password)  Time elapsed: 17.949 sec  <<< FAILURE!
org.junit.ComparisonFailure: expected:<[//LMS.com]> but was:<[https://dsportalapp.herokuapp.com/]>
	at org.junit.Assert.assertEquals(Assert.java:117)
	at org.junit.Assert.assertEquals(Assert.java:146)
	at stepDefinations.LoginUsers.admin_user_staff_is_on_to_lms_website(LoginUsers.java:44)
	at ✽.Admin/User/Staff is on to LMS website(file:///C:/Users/Arivoli/eclipse-workspace/LMS-20221128T034204Z-001/LMS/src/test/resources/features/2Login_ForgotPassword.feature:4)

Validate verification code(Forgot Password)  Time elapsed: 18.221 sec  <<< FAILURE!
org.junit.ComparisonFailure: expected:<[//LMS.com]> but was:<[https://dsportalapp.herokuapp.com/]>
	at org.junit.Assert.assertEquals(Assert.java:117)
	at org.junit.Assert.assertEquals(Assert.java:146)
	at stepDefinations.LoginUsers.admin_user_staff_is_on_to_lms_website(LoginUsers.java:44)
	at ✽.Admin/User/Staff is on to LMS website(file:///C:/Users/Arivoli/eclipse-workspace/LMS-20221128T034204Z-001/LMS/src/test/resources/features/2Login_ForgotPassword.feature:4)

Validate click here link in verification code page(Forgot Password)  Time elapsed: 17.954 sec  <<< FAILURE!
org.junit.ComparisonFailure: expected:<[//LMS.com]> but was:<[https://dsportalapp.herokuapp.com/]>
	at org.junit.Assert.assertEquals(Assert.java:117)
	at org.junit.Assert.assertEquals(Assert.java:146)
	at stepDefinations.LoginUsers.admin_user_staff_is_on_to_lms_website(LoginUsers.java:44)
	at ✽.Admin/User/Staff is on to LMS website(file:///C:/Users/Arivoli/eclipse-workspace/LMS-20221128T034204Z-001/LMS/src/test/resources/features/2Login_ForgotPassword.feature:4)

Validation of the login url(Login button)  Time elapsed: 17.98 sec  <<< FAILURE!
org.junit.ComparisonFailure: expected:<[//LMS.com]> but was:<[https://dsportalapp.herokuapp.com/]>
	at org.junit.Assert.assertEquals(Assert.java:117)
	at org.junit.Assert.assertEquals(Assert.java:146)
	at stepDefinations.LoginUsers.admin_user_staff_is_on_to_lms_website(LoginUsers.java:44)
	at ✽.Admin/User/Staff is on to LMS website(file:///C:/Users/Arivoli/eclipse-workspace/LMS-20221128T034204Z-001/LMS/src/test/resources/features/2Login_LoginButton.feature:5)

User login with valid username and invalid password(Login-Invalid Credentials)  Time elapsed: 17.91 sec  <<< FAILURE!
org.junit.ComparisonFailure: expected:<[//LMS.com]> but was:<[https://dsportalapp.herokuapp.com/]>
	at org.junit.Assert.assertEquals(Assert.java:117)
	at org.junit.Assert.assertEquals(Assert.java:146)
	at stepDefinations.LoginUsers.admin_user_staff_is_on_to_lms_website(LoginUsers.java:44)
	at ✽.Admin/User/Staff is on to LMS website(file:///C:/Users/Arivoli/eclipse-workspace/LMS-20221128T034204Z-001/LMS/src/test/resources/features/2Login_LoginInvalidCredentials.feature:5)

User login with invalid username and valid password(Login-Invalid Credentials)  Time elapsed: 1.731 sec  <<< FAILURE!
org.junit.ComparisonFailure: expected:<[//LMS.com]> but was:<[https://dsportalapp.herokuapp.com/]>
	at org.junit.Assert.assertEquals(Assert.java:117)
	at org.junit.Assert.assertEquals(Assert.java:146)
	at stepDefinations.LoginUsers.admin_user_staff_is_on_to_lms_website(LoginUsers.java:44)
	at ✽.Admin/User/Staff is on to LMS website(file:///C:/Users/Arivoli/eclipse-workspace/LMS-20221128T034204Z-001/LMS/src/test/resources/features/2Login_LoginInvalidCredentials.feature:5)

User login with invalid username and invalid password(Login-Invalid Credentials)  Time elapsed: 1.64 sec  <<< FAILURE!
org.junit.ComparisonFailure: expected:<[//LMS.com]> but was:<[https://dsportalapp.herokuapp.com/]>
	at org.junit.Assert.assertEquals(Assert.java:117)
	at org.junit.Assert.assertEquals(Assert.java:146)
	at stepDefinations.LoginUsers.admin_user_staff_is_on_to_lms_website(LoginUsers.java:44)
	at ✽.Admin/User/Staff is on to LMS website(file:///C:/Users/Arivoli/eclipse-workspace/LMS-20221128T034204Z-001/LMS/src/test/resources/features/2Login_LoginInvalidCredentials.feature:5)

User login with valid username and leaves password empty(Login-Invalid Credentials)  Time elapsed: 1.75 sec  <<< FAILURE!
org.junit.ComparisonFailure: expected:<[//LMS.com]> but was:<[https://dsportalapp.herokuapp.com/]>
	at org.junit.Assert.assertEquals(Assert.java:117)
	at org.junit.Assert.assertEquals(Assert.java:146)
	at stepDefinations.LoginUsers.admin_user_staff_is_on_to_lms_website(LoginUsers.java:44)
	at ✽.Admin/User/Staff is on to LMS website(file:///C:/Users/Arivoli/eclipse-workspace/LMS-20221128T034204Z-001/LMS/src/test/resources/features/2Login_LoginInvalidCredentials.feature:5)

Admin/Staff with valid username, invalid password and code(Login-Invalid Credentials)  Time elapsed: 17.956 sec  <<< FAILURE!
org.junit.ComparisonFailure: expected:<[//LMS.com]> but was:<[https://dsportalapp.herokuapp.com/]>
	at org.junit.Assert.assertEquals(Assert.java:117)
	at org.junit.Assert.assertEquals(Assert.java:146)
	at stepDefinations.LoginUsers.admin_user_staff_is_on_to_lms_website(LoginUsers.java:44)
	at ✽.Admin/User/Staff is on to LMS website(file:///C:/Users/Arivoli/eclipse-workspace/LMS-20221128T034204Z-001/LMS/src/test/resources/features/2Login_LoginInvalidCredentials.feature:5)

Admin/Staff with invalid username and invalid password without code(Login-Invalid Credentials)  Time elapsed: 2.195 sec  <<< ERROR!
org.openqa.selenium.TimeoutException: timeout: Timed out receiving message from renderer: 0.361
  (Session info: chrome=107.0.5304.122)
Build info: version: '4.4.0', revision: 'e5c75ed026a'
System info: host: 'DESKTOP-EOOD945', ip: '192.168.1.101', os.name: 'Windows 11', os.arch: 'amd64', os.version: '10.0', java.version: '18.0.2.1'
Driver info: org.openqa.selenium.chrome.ChromeDriver
Command: [88a1a90a48cd7601de85a9ebf9fc71a1, get {url=https://dsportalapp.herokuapp.com/}]
Capabilities {acceptInsecureCerts: false, browserName: chrome, browserVersion: 107.0.5304.122, chrome: {chromedriverVersion: 107.0.5304.62 (1eec40d3a576..., userDataDir: C:\Users\Arivoli\AppData\Lo...}, goog:chromeOptions: {debuggerAddress: localhost:57229}, networkConnectionEnabled: false, pageLoadStrategy: normal, platformName: WINDOWS, proxy: Proxy(), se:cdp: ws://localhost:57229/devtoo..., se:cdpVersion: 107.0.5304.122, setWindowRect: true, strictFileInteractability: false, timeouts: {implicit: 0, pageLoad: 300000, script: 30000}, unhandledPromptBehavior: dismiss and notify, webauthn:extension:credBlob: true, webauthn:extension:largeBlob: true, webauthn:virtualAuthenticators: true}
Session ID: 88a1a90a48cd7601de85a9ebf9fc71a1
	at java.base/jdk.internal.reflect.DirectConstructorHandleAccessor.newInstance(DirectConstructorHandleAccessor.java:67)
	at java.base/java.lang.reflect.Constructor.newInstanceWithCaller(Constructor.java:499)
	at java.base/java.lang.reflect.Constructor.newInstance(Constructor.java:483)
	at org.openqa.selenium.remote.codec.w3c.W3CHttpResponseCodec.createException(W3CHttpResponseCodec.java:200)
	at org.openqa.selenium.remote.codec.w3c.W3CHttpResponseCodec.decode(W3CHttpResponseCodec.java:133)
	at org.openqa.selenium.remote.codec.w3c.W3CHttpResponseCodec.decode(W3CHttpResponseCodec.java:53)
	at org.openqa.selenium.remote.HttpCommandExecutor.execute(HttpCommandExecutor.java:184)
	at org.openqa.selenium.remote.service.DriverCommandExecutor.invokeExecute(DriverCommandExecutor.java:167)
	at org.openqa.selenium.remote.service.DriverCommandExecutor.execute(DriverCommandExecutor.java:142)
	at org.openqa.selenium.remote.RemoteWebDriver.execute(RemoteWebDriver.java:547)
	at org.openqa.selenium.remote.RemoteWebDriver.get(RemoteWebDriver.java:310)
	at baseClass.TestBase.Initialization(TestBase.java:56)
	at stepDefinations.Hooks.setUp(Hooks.java:13)

Login with valid credentials(Login-Valid Credentials)  Time elapsed: 18.186 sec  <<< FAILURE!
org.junit.ComparisonFailure: expected:<[//LMS.com]> but was:<[https://dsportalapp.herokuapp.com/]>
	at org.junit.Assert.assertEquals(Assert.java:117)
	at org.junit.Assert.assertEquals(Assert.java:146)
	at stepDefinations.LoginUsers.admin_user_staff_is_on_to_lms_website(LoginUsers.java:44)
	at ✽.Admin/User/Staff is on to LMS website(file:///C:/Users/Arivoli/eclipse-workspace/LMS-20221128T034204Z-001/LMS/src/test/resources/features/2Login_LoginValidCredentials.feature:5)

Admin/staff login with valid credentials(Login-Valid Credentials)  Time elapsed: 17.958 sec  <<< FAILURE!
org.junit.ComparisonFailure: expected:<[//LMS.com]> but was:<[https://dsportalapp.herokuapp.com/]>
	at org.junit.Assert.assertEquals(Assert.java:117)
	at org.junit.Assert.assertEquals(Assert.java:146)
	at stepDefinations.LoginUsers.admin_user_staff_is_on_to_lms_website(LoginUsers.java:44)
	at ✽.Admin/User/Staff is on to LMS website(file:///C:/Users/Arivoli/eclipse-workspace/LMS-20221128T034204Z-001/LMS/src/test/resources/features/2Login_LoginValidCredentials.feature:5)

Validate Reset password(Reset password)  Time elapsed: 18.244 sec  <<< FAILURE!
org.junit.ComparisonFailure: expected:<[//LMS.com]> but was:<[https://dsportalapp.herokuapp.com/]>
	at org.junit.Assert.assertEquals(Assert.java:117)
	at org.junit.Assert.assertEquals(Assert.java:146)
	at stepDefinations.LoginUsers.admin_user_staff_is_on_to_lms_website(LoginUsers.java:44)
	at ✽.Admin/User/Staff is on to LMS website(file:///C:/Users/Arivoli/eclipse-workspace/LMS-20221128T034204Z-001/LMS/src/test/resources/features/2Login_ResetPassword.feature:5)

Validate Reset password on mismatch(Reset password)  Time elapsed: 1.639 sec  <<< FAILURE!
org.junit.ComparisonFailure: expected:<[//LMS.com]> but was:<[https://dsportalapp.herokuapp.com/]>
	at org.junit.Assert.assertEquals(Assert.java:117)
	at org.junit.Assert.assertEquals(Assert.java:146)
	at stepDefinations.LoginUsers.admin_user_staff_is_on_to_lms_website(LoginUsers.java:44)
	at ✽.Admin/User/Staff is on to LMS website(file:///C:/Users/Arivoli/eclipse-workspace/LMS-20221128T034204Z-001/LMS/src/test/resources/features/2Login_ResetPassword.feature:5)

Validate Reset password with lessthan 8 characters(Reset password)  Time elapsed: 17.899 sec  <<< FAILURE!
org.junit.ComparisonFailure: expected:<[//LMS.com]> but was:<[https://dsportalapp.herokuapp.com/]>
	at org.junit.Assert.assertEquals(Assert.java:117)
	at org.junit.Assert.assertEquals(Assert.java:146)
	at stepDefinations.LoginUsers.admin_user_staff_is_on_to_lms_website(LoginUsers.java:44)
	at ✽.Admin/User/Staff is on to LMS website(file:///C:/Users/Arivoli/eclipse-workspace/LMS-20221128T034204Z-001/LMS/src/test/resources/features/2Login_ResetPassword.feature:5)

Validate Reset password with lessthan 8 characters(Reset password)  Time elapsed: 17.899 sec  <<< ERROR!
io.cucumber.junit.UndefinedStepException: The step "Admin/User/Staff clicks submit button after entering password "abc123"  with less than eight characters" is undefined. You can implement it using the snippet(s) below:

@When("Admin\\/User\\/Staff clicks submit button after entering password {string}  with less than eight characters")
public void admin_User_Staff_clicks_submit_button_after_entering_password_with_less_than_eight_characters(String string) {
    // Write code here that turns the phrase above into concrete actions
    throw new io.cucumber.java.PendingException();
}


Validate Reset password without capital letter(Reset password)  Time elapsed: 17.932 sec  <<< FAILURE!
org.junit.ComparisonFailure: expected:<[//LMS.com]> but was:<[https://dsportalapp.herokuapp.com/]>
	at org.junit.Assert.assertEquals(Assert.java:117)
	at org.junit.Assert.assertEquals(Assert.java:146)
	at stepDefinations.LoginUsers.admin_user_staff_is_on_to_lms_website(LoginUsers.java:44)
	at ✽.Admin/User/Staff is on to LMS website(file:///C:/Users/Arivoli/eclipse-workspace/LMS-20221128T034204Z-001/LMS/src/test/resources/features/2Login_ResetPassword.feature:5)

Validate Reset password without capital letter(Reset password)  Time elapsed: 17.933 sec  <<< ERROR!
io.cucumber.junit.UndefinedStepException: The step "Admin/User/Staff clicks submit button after entering password "abc123" without Capital letter" is undefined. You can implement it using the snippet(s) below:

@When("Admin\\/User\\/Staff clicks submit button after entering password {string} without Capital letter")
public void admin_User_Staff_clicks_submit_button_after_entering_password_without_Capital_letter(String string) {
    // Write code here that turns the phrase above into concrete actions
    throw new io.cucumber.java.PendingException();
}


Validate Reset password without number(Reset password)  Time elapsed: 18.169 sec  <<< FAILURE!
org.junit.ComparisonFailure: expected:<[//LMS.com]> but was:<[https://dsportalapp.herokuapp.com/]>
	at org.junit.Assert.assertEquals(Assert.java:117)
	at org.junit.Assert.assertEquals(Assert.java:146)
	at stepDefinations.LoginUsers.admin_user_staff_is_on_to_lms_website(LoginUsers.java:44)
	at ✽.Admin/User/Staff is on to LMS website(file:///C:/Users/Arivoli/eclipse-workspace/LMS-20221128T034204Z-001/LMS/src/test/resources/features/2Login_ResetPassword.feature:5)

Validate Reset password without special character(Reset password)  Time elapsed: 17.992 sec  <<< FAILURE!
org.junit.ComparisonFailure: expected:<[//LMS.com]> but was:<[https://dsportalapp.herokuapp.com/]>
	at org.junit.Assert.assertEquals(Assert.java:117)
	at org.junit.Assert.assertEquals(Assert.java:146)
	at stepDefinations.LoginUsers.admin_user_staff_is_on_to_lms_website(LoginUsers.java:44)
	at ✽.Admin/User/Staff is on to LMS website(file:///C:/Users/Arivoli/eclipse-workspace/LMS-20221128T034204Z-001/LMS/src/test/resources/features/2Login_ResetPassword.feature:5)

Validate Reset password without special character(Reset password)  Time elapsed: 17.992 sec  <<< ERROR!
io.cucumber.junit.UndefinedStepException: The step "Admin/User/Staff clicks submit button after entering password "abcjohn" without Special character" is undefined. You can implement it using the snippet(s) below:

@When("Admin\\/User\\/Staff clicks submit button after entering password {string} without Special character")
public void admin_User_Staff_clicks_submit_button_after_entering_password_without_Special_character(String string) {
    // Write code here that turns the phrase above into concrete actions
    throw new io.cucumber.java.PendingException();
}


Validate Reset password with cancel button(Reset password)  Time elapsed: 1.787 sec  <<< FAILURE!
org.junit.ComparisonFailure: expected:<[//LMS.com]> but was:<[https://dsportalapp.herokuapp.com/]>
	at org.junit.Assert.assertEquals(Assert.java:117)
	at org.junit.Assert.assertEquals(Assert.java:146)
	at stepDefinations.LoginUsers.admin_user_staff_is_on_to_lms_website(LoginUsers.java:44)
	at ✽.Admin/User/Staff is on to LMS website(file:///C:/Users/Arivoli/eclipse-workspace/LMS-20221128T034204Z-001/LMS/src/test/resources/features/2Login_ResetPassword.feature:5)

Validating Assignment Paginator(Paginator validation)  Time elapsed: 18.911 sec  <<< ERROR!
org.openqa.selenium.NoSuchElementException: no such element: Unable to locate element: {"method":"css selector","selector":"#id_username"}
  (Session info: chrome=107.0.5304.122)
For documentation on this error, please visit: https://selenium.dev/exceptions/#no_such_element
Build info: version: '4.4.0', revision: 'e5c75ed026a'
System info: host: 'DESKTOP-EOOD945', ip: '192.168.1.101', os.name: 'Windows 11', os.arch: 'amd64', os.version: '10.0', java.version: '18.0.2.1'
Driver info: org.openqa.selenium.chrome.ChromeDriver
Command: [6403edf9d0e508aaab243d8b9b6b3c93, findElement {using=id, value=id_username}]
Capabilities {acceptInsecureCerts: false, browserName: chrome, browserVersion: 107.0.5304.122, chrome: {chromedriverVersion: 107.0.5304.62 (1eec40d3a576..., userDataDir: C:\Users\Arivoli\AppData\Lo...}, goog:chromeOptions: {debuggerAddress: localhost:57473}, networkConnectionEnabled: false, pageLoadStrategy: normal, platformName: WINDOWS, proxy: Proxy(), se:cdp: ws://localhost:57473/devtoo..., se:cdpVersion: 107.0.5304.122, setWindowRect: true, strictFileInteractability: false, timeouts: {implicit: 0, pageLoad: 300000, script: 30000}, unhandledPromptBehavior: dismiss and notify, webauthn:extension:credBlob: true, webauthn:extension:largeBlob: true, webauthn:virtualAuthenticators: true}
Session ID: 6403edf9d0e508aaab243d8b9b6b3c93
	at java.base/jdk.internal.reflect.DirectConstructorHandleAccessor.newInstance(DirectConstructorHandleAccessor.java:67)
	at java.base/java.lang.reflect.Constructor.newInstanceWithCaller(Constructor.java:499)
	at java.base/java.lang.reflect.Constructor.newInstance(Constructor.java:483)
	at org.openqa.selenium.remote.codec.w3c.W3CHttpResponseCodec.createException(W3CHttpResponseCodec.java:200)
	at org.openqa.selenium.remote.codec.w3c.W3CHttpResponseCodec.decode(W3CHttpResponseCodec.java:133)
	at org.openqa.selenium.remote.codec.w3c.W3CHttpResponseCodec.decode(W3CHttpResponseCodec.java:53)
	at org.openqa.selenium.remote.HttpCommandExecutor.execute(HttpCommandExecutor.java:184)
	at org.openqa.selenium.remote.service.DriverCommandExecutor.invokeExecute(DriverCommandExecutor.java:167)
	at org.openqa.selenium.remote.service.DriverCommandExecutor.execute(DriverCommandExecutor.java:142)
	at org.openqa.selenium.remote.RemoteWebDriver.execute(RemoteWebDriver.java:547)
	at org.openqa.selenium.remote.ElementLocation$ElementFinder$2.findElement(ElementLocation.java:162)
	at org.openqa.selenium.remote.ElementLocation.findElement(ElementLocation.java:66)
	at org.openqa.selenium.remote.RemoteWebDriver.findElement(RemoteWebDriver.java:365)
	at org.openqa.selenium.remote.RemoteWebDriver.findElement(RemoteWebDriver.java:357)
	at org.openqa.selenium.support.pagefactory.DefaultElementLocator.findElement(DefaultElementLocator.java:70)
	at org.openqa.selenium.support.pagefactory.internal.LocatingElementHandler.invoke(LocatingElementHandler.java:39)
	at jdk.proxy2/jdk.proxy2.$Proxy23.sendKeys(Unknown Source)
	at pages.LoginPage.userNameTxt(LoginPage.java:42)
	at stepDefinations.LoginUsers.admin_user_staff_Logged_on_to_lms_website(LoginUsers.java:19)
	at ✽.Admin/User/Staff Logged on to LMS website(file:///C:/Users/Arivoli/eclipse-workspace/LMS-20221128T034204Z-001/LMS/src/test/resources/features/3Assignment_Paginator01.feature:4)

Verify  paginator -next button  on the Assignment page(Paginator validation)  Time elapsed: 18.968 sec  <<< ERROR!
org.openqa.selenium.NoSuchElementException: no such element: Unable to locate element: {"method":"css selector","selector":"#id_username"}
  (Session info: chrome=107.0.5304.122)
For documentation on this error, please visit: https://selenium.dev/exceptions/#no_such_element
Build info: version: '4.4.0', revision: 'e5c75ed026a'
System info: host: 'DESKTOP-EOOD945', ip: '192.168.1.101', os.name: 'Windows 11', os.arch: 'amd64', os.version: '10.0', java.version: '18.0.2.1'
Driver info: org.openqa.selenium.chrome.ChromeDriver
Command: [26f284bbcfa1f4076c3f4615ea4bd18f, findElement {using=id, value=id_username}]
Capabilities {acceptInsecureCerts: false, browserName: chrome, browserVersion: 107.0.5304.122, chrome: {chromedriverVersion: 107.0.5304.62 (1eec40d3a576..., userDataDir: C:\Users\Arivoli\AppData\Lo...}, goog:chromeOptions: {debuggerAddress: localhost:57501}, networkConnectionEnabled: false, pageLoadStrategy: normal, platformName: WINDOWS, proxy: Proxy(), se:cdp: ws://localhost:57501/devtoo..., se:cdpVersion: 107.0.5304.122, setWindowRect: true, strictFileInteractability: false, timeouts: {implicit: 0, pageLoad: 300000, script: 30000}, unhandledPromptBehavior: dismiss and notify, webauthn:extension:credBlob: true, webauthn:extension:largeBlob: true, webauthn:virtualAuthenticators: true}
Session ID: 26f284bbcfa1f4076c3f4615ea4bd18f
	at java.base/jdk.internal.reflect.DirectConstructorHandleAccessor.newInstance(DirectConstructorHandleAccessor.java:67)
	at java.base/java.lang.reflect.Constructor.newInstanceWithCaller(Constructor.java:499)
	at java.base/java.lang.reflect.Constructor.newInstance(Constructor.java:483)
	at org.openqa.selenium.remote.codec.w3c.W3CHttpResponseCodec.createException(W3CHttpResponseCodec.java:200)
	at org.openqa.selenium.remote.codec.w3c.W3CHttpResponseCodec.decode(W3CHttpResponseCodec.java:133)
	at org.openqa.selenium.remote.codec.w3c.W3CHttpResponseCodec.decode(W3CHttpResponseCodec.java:53)
	at org.openqa.selenium.remote.HttpCommandExecutor.execute(HttpCommandExecutor.java:184)
	at org.openqa.selenium.remote.service.DriverCommandExecutor.invokeExecute(DriverCommandExecutor.java:167)
	at org.openqa.selenium.remote.service.DriverCommandExecutor.execute(DriverCommandExecutor.java:142)
	at org.openqa.selenium.remote.RemoteWebDriver.execute(RemoteWebDriver.java:547)
	at org.openqa.selenium.remote.ElementLocation$ElementFinder$2.findElement(ElementLocation.java:162)
	at org.openqa.selenium.remote.ElementLocation.findElement(ElementLocation.java:66)
	at org.openqa.selenium.remote.RemoteWebDriver.findElement(RemoteWebDriver.java:365)
	at org.openqa.selenium.remote.RemoteWebDriver.findElement(RemoteWebDriver.java:357)
	at org.openqa.selenium.support.pagefactory.DefaultElementLocator.findElement(DefaultElementLocator.java:70)
	at org.openqa.selenium.support.pagefactory.internal.LocatingElementHandler.invoke(LocatingElementHandler.java:39)
	at jdk.proxy2/jdk.proxy2.$Proxy23.sendKeys(Unknown Source)
	at pages.LoginPage.userNameTxt(LoginPage.java:42)
	at stepDefinations.LoginUsers.admin_user_staff_Logged_on_to_lms_website(LoginUsers.java:19)
	at ✽.Admin/User/Staff Logged on to LMS website(file:///C:/Users/Arivoli/eclipse-workspace/LMS-20221128T034204Z-001/LMS/src/test/resources/features/3Assignment_Paginator03.feature:4)

Verify paginator -previous button on the Assignment page(Paginator validation)  Time elapsed: 19.012 sec  <<< ERROR!
org.openqa.selenium.NoSuchElementException: no such element: Unable to locate element: {"method":"css selector","selector":"#id_username"}
  (Session info: chrome=107.0.5304.122)
For documentation on this error, please visit: https://selenium.dev/exceptions/#no_such_element
Build info: version: '4.4.0', revision: 'e5c75ed026a'
System info: host: 'DESKTOP-EOOD945', ip: '192.168.1.101', os.name: 'Windows 11', os.arch: 'amd64', os.version: '10.0', java.version: '18.0.2.1'
Driver info: org.openqa.selenium.chrome.ChromeDriver
Command: [cff5d25fc2c59fdd1b746c1d227d2a96, findElement {using=id, value=id_username}]
Capabilities {acceptInsecureCerts: false, browserName: chrome, browserVersion: 107.0.5304.122, chrome: {chromedriverVersion: 107.0.5304.62 (1eec40d3a576..., userDataDir: C:\Users\Arivoli\AppData\Lo...}, goog:chromeOptions: {debuggerAddress: localhost:57528}, networkConnectionEnabled: false, pageLoadStrategy: normal, platformName: WINDOWS, proxy: Proxy(), se:cdp: ws://localhost:57528/devtoo..., se:cdpVersion: 107.0.5304.122, setWindowRect: true, strictFileInteractability: false, timeouts: {implicit: 0, pageLoad: 300000, script: 30000}, unhandledPromptBehavior: dismiss and notify, webauthn:extension:credBlob: true, webauthn:extension:largeBlob: true, webauthn:virtualAuthenticators: true}
Session ID: cff5d25fc2c59fdd1b746c1d227d2a96
	at java.base/jdk.internal.reflect.DirectConstructorHandleAccessor.newInstance(DirectConstructorHandleAccessor.java:67)
	at java.base/java.lang.reflect.Constructor.newInstanceWithCaller(Constructor.java:499)
	at java.base/java.lang.reflect.Constructor.newInstance(Constructor.java:483)
	at org.openqa.selenium.remote.codec.w3c.W3CHttpResponseCodec.createException(W3CHttpResponseCodec.java:200)
	at org.openqa.selenium.remote.codec.w3c.W3CHttpResponseCodec.decode(W3CHttpResponseCodec.java:133)
	at org.openqa.selenium.remote.codec.w3c.W3CHttpResponseCodec.decode(W3CHttpResponseCodec.java:53)
	at org.openqa.selenium.remote.HttpCommandExecutor.execute(HttpCommandExecutor.java:184)
	at org.openqa.selenium.remote.service.DriverCommandExecutor.invokeExecute(DriverCommandExecutor.java:167)
	at org.openqa.selenium.remote.service.DriverCommandExecutor.execute(DriverCommandExecutor.java:142)
	at org.openqa.selenium.remote.RemoteWebDriver.execute(RemoteWebDriver.java:547)
	at org.openqa.selenium.remote.ElementLocation$ElementFinder$2.findElement(ElementLocation.java:162)
	at org.openqa.selenium.remote.ElementLocation.findElement(ElementLocation.java:66)
	at org.openqa.selenium.remote.RemoteWebDriver.findElement(RemoteWebDriver.java:365)
	at org.openqa.selenium.remote.RemoteWebDriver.findElement(RemoteWebDriver.java:357)
	at org.openqa.selenium.support.pagefactory.DefaultElementLocator.findElement(DefaultElementLocator.java:70)
	at org.openqa.selenium.support.pagefactory.internal.LocatingElementHandler.invoke(LocatingElementHandler.java:39)
	at jdk.proxy2/jdk.proxy2.$Proxy23.sendKeys(Unknown Source)
	at pages.LoginPage.userNameTxt(LoginPage.java:42)
	at stepDefinations.LoginUsers.admin_user_staff_Logged_on_to_lms_website(LoginUsers.java:19)
	at ✽.Admin/User/Staff Logged on to LMS website(file:///C:/Users/Arivoli/eclipse-workspace/LMS-20221128T034204Z-001/LMS/src/test/resources/features/3Assignment_Paginator03.feature:4)

Verify paginator -last button on the Assignment page(Paginator validation)  Time elapsed: 19.015 sec  <<< ERROR!
org.openqa.selenium.NoSuchElementException: no such element: Unable to locate element: {"method":"css selector","selector":"#id_username"}
  (Session info: chrome=107.0.5304.122)
For documentation on this error, please visit: https://selenium.dev/exceptions/#no_such_element
Build info: version: '4.4.0', revision: 'e5c75ed026a'
System info: host: 'DESKTOP-EOOD945', ip: '192.168.1.101', os.name: 'Windows 11', os.arch: 'amd64', os.version: '10.0', java.version: '18.0.2.1'
Driver info: org.openqa.selenium.chrome.ChromeDriver
Command: [f9548103054ee48b989bb4decc2b287f, findElement {using=id, value=id_username}]
Capabilities {acceptInsecureCerts: false, browserName: chrome, browserVersion: 107.0.5304.122, chrome: {chromedriverVersion: 107.0.5304.62 (1eec40d3a576..., userDataDir: C:\Users\Arivoli\AppData\Lo...}, goog:chromeOptions: {debuggerAddress: localhost:57556}, networkConnectionEnabled: false, pageLoadStrategy: normal, platformName: WINDOWS, proxy: Proxy(), se:cdp: ws://localhost:57556/devtoo..., se:cdpVersion: 107.0.5304.122, setWindowRect: true, strictFileInteractability: false, timeouts: {implicit: 0, pageLoad: 300000, script: 30000}, unhandledPromptBehavior: dismiss and notify, webauthn:extension:credBlob: true, webauthn:extension:largeBlob: true, webauthn:virtualAuthenticators: true}
Session ID: f9548103054ee48b989bb4decc2b287f
	at java.base/jdk.internal.reflect.DirectConstructorHandleAccessor.newInstance(DirectConstructorHandleAccessor.java:67)
	at java.base/java.lang.reflect.Constructor.newInstanceWithCaller(Constructor.java:499)
	at java.base/java.lang.reflect.Constructor.newInstance(Constructor.java:483)
	at org.openqa.selenium.remote.codec.w3c.W3CHttpResponseCodec.createException(W3CHttpResponseCodec.java:200)
	at org.openqa.selenium.remote.codec.w3c.W3CHttpResponseCodec.decode(W3CHttpResponseCodec.java:133)
	at org.openqa.selenium.remote.codec.w3c.W3CHttpResponseCodec.decode(W3CHttpResponseCodec.java:53)
	at org.openqa.selenium.remote.HttpCommandExecutor.execute(HttpCommandExecutor.java:184)
	at org.openqa.selenium.remote.service.DriverCommandExecutor.invokeExecute(DriverCommandExecutor.java:167)
	at org.openqa.selenium.remote.service.DriverCommandExecutor.execute(DriverCommandExecutor.java:142)
	at org.openqa.selenium.remote.RemoteWebDriver.execute(RemoteWebDriver.java:547)
	at org.openqa.selenium.remote.ElementLocation$ElementFinder$2.findElement(ElementLocation.java:162)
	at org.openqa.selenium.remote.ElementLocation.findElement(ElementLocation.java:66)
	at org.openqa.selenium.remote.RemoteWebDriver.findElement(RemoteWebDriver.java:365)
	at org.openqa.selenium.remote.RemoteWebDriver.findElement(RemoteWebDriver.java:357)
	at org.openqa.selenium.support.pagefactory.DefaultElementLocator.findElement(DefaultElementLocator.java:70)
	at org.openqa.selenium.support.pagefactory.internal.LocatingElementHandler.invoke(LocatingElementHandler.java:39)
	at jdk.proxy2/jdk.proxy2.$Proxy23.sendKeys(Unknown Source)
	at pages.LoginPage.userNameTxt(LoginPage.java:42)
	at stepDefinations.LoginUsers.admin_user_staff_Logged_on_to_lms_website(LoginUsers.java:19)
	at ✽.Admin/User/Staff Logged on to LMS website(file:///C:/Users/Arivoli/eclipse-workspace/LMS-20221128T034204Z-001/LMS/src/test/resources/features/3Assignment_Paginator03.feature:4)

Verify paginator -first button on the Program page(Paginator validation)  Time elapsed: 2.71 sec  <<< ERROR!
org.openqa.selenium.NoSuchElementException: no such element: Unable to locate element: {"method":"css selector","selector":"#id_username"}
  (Session info: chrome=107.0.5304.122)
For documentation on this error, please visit: https://selenium.dev/exceptions/#no_such_element
Build info: version: '4.4.0', revision: 'e5c75ed026a'
System info: host: 'DESKTOP-EOOD945', ip: '192.168.1.101', os.name: 'Windows 11', os.arch: 'amd64', os.version: '10.0', java.version: '18.0.2.1'
Driver info: org.openqa.selenium.chrome.ChromeDriver
Command: [1168cb681652b84cac1e88d86ba9ec2b, findElement {using=id, value=id_username}]
Capabilities {acceptInsecureCerts: false, browserName: chrome, browserVersion: 107.0.5304.122, chrome: {chromedriverVersion: 107.0.5304.62 (1eec40d3a576..., userDataDir: C:\Users\Arivoli\AppData\Lo...}, goog:chromeOptions: {debuggerAddress: localhost:57583}, networkConnectionEnabled: false, pageLoadStrategy: normal, platformName: WINDOWS, proxy: Proxy(), se:cdp: ws://localhost:57583/devtoo..., se:cdpVersion: 107.0.5304.122, setWindowRect: true, strictFileInteractability: false, timeouts: {implicit: 0, pageLoad: 300000, script: 30000}, unhandledPromptBehavior: dismiss and notify, webauthn:extension:credBlob: true, webauthn:extension:largeBlob: true, webauthn:virtualAuthenticators: true}
Session ID: 1168cb681652b84cac1e88d86ba9ec2b
	at java.base/jdk.internal.reflect.DirectConstructorHandleAccessor.newInstance(DirectConstructorHandleAccessor.java:67)
	at java.base/java.lang.reflect.Constructor.newInstanceWithCaller(Constructor.java:499)
	at java.base/java.lang.reflect.Constructor.newInstance(Constructor.java:483)
	at org.openqa.selenium.remote.codec.w3c.W3CHttpResponseCodec.createException(W3CHttpResponseCodec.java:200)
	at org.openqa.selenium.remote.codec.w3c.W3CHttpResponseCodec.decode(W3CHttpResponseCodec.java:133)
	at org.openqa.selenium.remote.codec.w3c.W3CHttpResponseCodec.decode(W3CHttpResponseCodec.java:53)
	at org.openqa.selenium.remote.HttpCommandExecutor.execute(HttpCommandExecutor.java:184)
	at org.openqa.selenium.remote.service.DriverCommandExecutor.invokeExecute(DriverCommandExecutor.java:167)
	at org.openqa.selenium.remote.service.DriverCommandExecutor.execute(DriverCommandExecutor.java:142)
	at org.openqa.selenium.remote.RemoteWebDriver.execute(RemoteWebDriver.java:547)
	at org.openqa.selenium.remote.ElementLocation$ElementFinder$2.findElement(ElementLocation.java:162)
	at org.openqa.selenium.remote.ElementLocation.findElement(ElementLocation.java:66)
	at org.openqa.selenium.remote.RemoteWebDriver.findElement(RemoteWebDriver.java:365)
	at org.openqa.selenium.remote.RemoteWebDriver.findElement(RemoteWebDriver.java:357)
	at org.openqa.selenium.support.pagefactory.DefaultElementLocator.findElement(DefaultElementLocator.java:70)
	at org.openqa.selenium.support.pagefactory.internal.LocatingElementHandler.invoke(LocatingElementHandler.java:39)
	at jdk.proxy2/jdk.proxy2.$Proxy23.sendKeys(Unknown Source)
	at pages.LoginPage.userNameTxt(LoginPage.java:42)
	at stepDefinations.LoginUsers.admin_user_staff_Logged_on_to_lms_website(LoginUsers.java:19)
	at ✽.Admin/User/Staff Logged on to LMS website(file:///C:/Users/Arivoli/eclipse-workspace/LMS-20221128T034204Z-001/LMS/src/test/resources/features/3Assignment_Paginator03.feature:4)

Validate Add A New Program button(Add A New Program Functionality)  Time elapsed: 19.01 sec  <<< ERROR!
org.openqa.selenium.NoSuchElementException: no such element: Unable to locate element: {"method":"css selector","selector":"#id_username"}
  (Session info: chrome=107.0.5304.122)
For documentation on this error, please visit: https://selenium.dev/exceptions/#no_such_element
Build info: version: '4.4.0', revision: 'e5c75ed026a'
System info: host: 'DESKTOP-EOOD945', ip: '192.168.1.101', os.name: 'Windows 11', os.arch: 'amd64', os.version: '10.0', java.version: '18.0.2.1'
Driver info: org.openqa.selenium.chrome.ChromeDriver
Command: [ee1afdec459761eed5a3a863e6f5289a, findElement {using=id, value=id_username}]
Capabilities {acceptInsecureCerts: false, browserName: chrome, browserVersion: 107.0.5304.122, chrome: {chromedriverVersion: 107.0.5304.62 (1eec40d3a576..., userDataDir: C:\Users\Arivoli\AppData\Lo...}, goog:chromeOptions: {debuggerAddress: localhost:57602}, networkConnectionEnabled: false, pageLoadStrategy: normal, platformName: WINDOWS, proxy: Proxy(), se:cdp: ws://localhost:57602/devtoo..., se:cdpVersion: 107.0.5304.122, setWindowRect: true, strictFileInteractability: false, timeouts: {implicit: 0, pageLoad: 300000, script: 30000}, unhandledPromptBehavior: dismiss and notify, webauthn:extension:credBlob: true, webauthn:extension:largeBlob: true, webauthn:virtualAuthenticators: true}
Session ID: ee1afdec459761eed5a3a863e6f5289a
	at java.base/jdk.internal.reflect.DirectConstructorHandleAccessor.newInstance(DirectConstructorHandleAccessor.java:67)
	at java.base/java.lang.reflect.Constructor.newInstanceWithCaller(Constructor.java:499)
	at java.base/java.lang.reflect.Constructor.newInstance(Constructor.java:483)
	at org.openqa.selenium.remote.codec.w3c.W3CHttpResponseCodec.createException(W3CHttpResponseCodec.java:200)
	at org.openqa.selenium.remote.codec.w3c.W3CHttpResponseCodec.decode(W3CHttpResponseCodec.java:133)
	at org.openqa.selenium.remote.codec.w3c.W3CHttpResponseCodec.decode(W3CHttpResponseCodec.java:53)
	at org.openqa.selenium.remote.HttpCommandExecutor.execute(HttpCommandExecutor.java:184)
	at org.openqa.selenium.remote.service.DriverCommandExecutor.invokeExecute(DriverCommandExecutor.java:167)
	at org.openqa.selenium.remote.service.DriverCommandExecutor.execute(DriverCommandExecutor.java:142)
	at org.openqa.selenium.remote.RemoteWebDriver.execute(RemoteWebDriver.java:547)
	at org.openqa.selenium.remote.ElementLocation$ElementFinder$2.findElement(ElementLocation.java:162)
	at org.openqa.selenium.remote.ElementLocation.findElement(ElementLocation.java:66)
	at org.openqa.selenium.remote.RemoteWebDriver.findElement(RemoteWebDriver.java:365)
	at org.openqa.selenium.remote.RemoteWebDriver.findElement(RemoteWebDriver.java:357)
	at org.openqa.selenium.support.pagefactory.DefaultElementLocator.findElement(DefaultElementLocator.java:70)
	at org.openqa.selenium.support.pagefactory.internal.LocatingElementHandler.invoke(LocatingElementHandler.java:39)
	at jdk.proxy2/jdk.proxy2.$Proxy23.sendKeys(Unknown Source)
	at pages.LoginPage.userNameTxt(LoginPage.java:42)
	at stepDefinations.LoginUsers.admin_logged_on_to_lms_website(LoginUsers.java:27)
	at ✽.Admin Logged on to LMS Website(file:///C:/Users/Arivoli/eclipse-workspace/LMS-20221128T034204Z-001/LMS/src/test/resources/features/3Program_AddNewProgram01.feature:4)

No details Entered in Program Details window(Add A New Program Functionality)  Time elapsed: 19.02 sec  <<< ERROR!
org.openqa.selenium.NoSuchElementException: no such element: Unable to locate element: {"method":"css selector","selector":"#id_username"}
  (Session info: chrome=107.0.5304.122)
For documentation on this error, please visit: https://selenium.dev/exceptions/#no_such_element
Build info: version: '4.4.0', revision: 'e5c75ed026a'
System info: host: 'DESKTOP-EOOD945', ip: '192.168.1.101', os.name: 'Windows 11', os.arch: 'amd64', os.version: '10.0', java.version: '18.0.2.1'
Driver info: org.openqa.selenium.chrome.ChromeDriver
Command: [1f7686e6cb879aeed8f775ec480db1e6, findElement {using=id, value=id_username}]
Capabilities {acceptInsecureCerts: false, browserName: chrome, browserVersion: 107.0.5304.122, chrome: {chromedriverVersion: 107.0.5304.62 (1eec40d3a576..., userDataDir: C:\Users\Arivoli\AppData\Lo...}, goog:chromeOptions: {debuggerAddress: localhost:57629}, networkConnectionEnabled: false, pageLoadStrategy: normal, platformName: WINDOWS, proxy: Proxy(), se:cdp: ws://localhost:57629/devtoo..., se:cdpVersion: 107.0.5304.122, setWindowRect: true, strictFileInteractability: false, timeouts: {implicit: 0, pageLoad: 300000, script: 30000}, unhandledPromptBehavior: dismiss and notify, webauthn:extension:credBlob: true, webauthn:extension:largeBlob: true, webauthn:virtualAuthenticators: true}
Session ID: 1f7686e6cb879aeed8f775ec480db1e6
	at java.base/jdk.internal.reflect.DirectConstructorHandleAccessor.newInstance(DirectConstructorHandleAccessor.java:67)
	at java.base/java.lang.reflect.Constructor.newInstanceWithCaller(Constructor.java:499)
	at java.base/java.lang.reflect.Constructor.newInstance(Constructor.java:483)
	at org.openqa.selenium.remote.codec.w3c.W3CHttpResponseCodec.createException(W3CHttpResponseCodec.java:200)
	at org.openqa.selenium.remote.codec.w3c.W3CHttpResponseCodec.decode(W3CHttpResponseCodec.java:133)
	at org.openqa.selenium.remote.codec.w3c.W3CHttpResponseCodec.decode(W3CHttpResponseCodec.java:53)
	at org.openqa.selenium.remote.HttpCommandExecutor.execute(HttpCommandExecutor.java:184)
	at org.openqa.selenium.remote.service.DriverCommandExecutor.invokeExecute(DriverCommandExecutor.java:167)
	at org.openqa.selenium.remote.service.DriverCommandExecutor.execute(DriverCommandExecutor.java:142)
	at org.openqa.selenium.remote.RemoteWebDriver.execute(RemoteWebDriver.java:547)
	at org.openqa.selenium.remote.ElementLocation$ElementFinder$2.findElement(ElementLocation.java:162)
	at org.openqa.selenium.remote.ElementLocation.findElement(ElementLocation.java:66)
	at org.openqa.selenium.remote.RemoteWebDriver.findElement(RemoteWebDriver.java:365)
	at org.openqa.selenium.remote.RemoteWebDriver.findElement(RemoteWebDriver.java:357)
	at org.openqa.selenium.support.pagefactory.DefaultElementLocator.findElement(DefaultElementLocator.java:70)
	at org.openqa.selenium.support.pagefactory.internal.LocatingElementHandler.invoke(LocatingElementHandler.java:39)
	at jdk.proxy2/jdk.proxy2.$Proxy23.sendKeys(Unknown Source)
	at pages.LoginPage.userNameTxt(LoginPage.java:42)
	at stepDefinations.LoginUsers.admin_logged_on_to_lms_website(LoginUsers.java:27)
	at ✽.Admin Logged on to LMS Website(file:///C:/Users/Arivoli/eclipse-workspace/LMS-20221128T034204Z-001/LMS/src/test/resources/features/3Program_AddNewProgram01.feature:4)

Enters  All details in Program Details window(Add A New Program Functionality)  Time elapsed: 18.981 sec  <<< ERROR!
org.openqa.selenium.NoSuchElementException: no such element: Unable to locate element: {"method":"css selector","selector":"#id_username"}
  (Session info: chrome=107.0.5304.122)
For documentation on this error, please visit: https://selenium.dev/exceptions/#no_such_element
Build info: version: '4.4.0', revision: 'e5c75ed026a'
System info: host: 'DESKTOP-EOOD945', ip: '192.168.1.101', os.name: 'Windows 11', os.arch: 'amd64', os.version: '10.0', java.version: '18.0.2.1'
Driver info: org.openqa.selenium.chrome.ChromeDriver
Command: [c4faa2110946b6941bb6e1d908f2610c, findElement {using=id, value=id_username}]
Capabilities {acceptInsecureCerts: false, browserName: chrome, browserVersion: 107.0.5304.122, chrome: {chromedriverVersion: 107.0.5304.62 (1eec40d3a576..., userDataDir: C:\Users\Arivoli\AppData\Lo...}, goog:chromeOptions: {debuggerAddress: localhost:57657}, networkConnectionEnabled: false, pageLoadStrategy: normal, platformName: WINDOWS, proxy: Proxy(), se:cdp: ws://localhost:57657/devtoo..., se:cdpVersion: 107.0.5304.122, setWindowRect: true, strictFileInteractability: false, timeouts: {implicit: 0, pageLoad: 300000, script: 30000}, unhandledPromptBehavior: dismiss and notify, webauthn:extension:credBlob: true, webauthn:extension:largeBlob: true, webauthn:virtualAuthenticators: true}
Session ID: c4faa2110946b6941bb6e1d908f2610c
	at java.base/jdk.internal.reflect.DirectConstructorHandleAccessor.newInstance(DirectConstructorHandleAccessor.java:67)
	at java.base/java.lang.reflect.Constructor.newInstanceWithCaller(Constructor.java:499)
	at java.base/java.lang.reflect.Constructor.newInstance(Constructor.java:483)
	at org.openqa.selenium.remote.codec.w3c.W3CHttpResponseCodec.createException(W3CHttpResponseCodec.java:200)
	at org.openqa.selenium.remote.codec.w3c.W3CHttpResponseCodec.decode(W3CHttpResponseCodec.java:133)
	at org.openqa.selenium.remote.codec.w3c.W3CHttpResponseCodec.decode(W3CHttpResponseCodec.java:53)
	at org.openqa.selenium.remote.HttpCommandExecutor.execute(HttpCommandExecutor.java:184)
	at org.openqa.selenium.remote.service.DriverCommandExecutor.invokeExecute(DriverCommandExecutor.java:167)
	at org.openqa.selenium.remote.service.DriverCommandExecutor.execute(DriverCommandExecutor.java:142)
	at org.openqa.selenium.remote.RemoteWebDriver.execute(RemoteWebDriver.java:547)
	at org.openqa.selenium.remote.ElementLocation$ElementFinder$2.findElement(ElementLocation.java:162)
	at org.openqa.selenium.remote.ElementLocation.findElement(ElementLocation.java:66)
	at org.openqa.selenium.remote.RemoteWebDriver.findElement(RemoteWebDriver.java:365)
	at org.openqa.selenium.remote.RemoteWebDriver.findElement(RemoteWebDriver.java:357)
	at org.openqa.selenium.support.pagefactory.DefaultElementLocator.findElement(DefaultElementLocator.java:70)
	at org.openqa.selenium.support.pagefactory.internal.LocatingElementHandler.invoke(LocatingElementHandler.java:39)
	at jdk.proxy2/jdk.proxy2.$Proxy23.sendKeys(Unknown Source)
	at pages.LoginPage.userNameTxt(LoginPage.java:42)
	at stepDefinations.LoginUsers.admin_logged_on_to_lms_website(LoginUsers.java:27)
	at ✽.Admin Logged on to LMS Website(file:///C:/Users/Arivoli/eclipse-workspace/LMS-20221128T034204Z-001/LMS/src/test/resources/features/3Program_AddNewProgram01.feature:4)

Enters Only Name in Program Details window(Add A New Program Functionality)  Time elapsed: 19.236 sec  <<< ERROR!
org.openqa.selenium.NoSuchElementException: no such element: Unable to locate element: {"method":"css selector","selector":"#id_username"}
  (Session info: chrome=107.0.5304.122)
For documentation on this error, please visit: https://selenium.dev/exceptions/#no_such_element
Build info: version: '4.4.0', revision: 'e5c75ed026a'
System info: host: 'DESKTOP-EOOD945', ip: '192.168.1.101', os.name: 'Windows 11', os.arch: 'amd64', os.version: '10.0', java.version: '18.0.2.1'
Driver info: org.openqa.selenium.chrome.ChromeDriver
Command: [07c47563194162855305b485c571fccf, findElement {using=id, value=id_username}]
Capabilities {acceptInsecureCerts: false, browserName: chrome, browserVersion: 107.0.5304.122, chrome: {chromedriverVersion: 107.0.5304.62 (1eec40d3a576..., userDataDir: C:\Users\Arivoli\AppData\Lo...}, goog:chromeOptions: {debuggerAddress: localhost:57684}, networkConnectionEnabled: false, pageLoadStrategy: normal, platformName: WINDOWS, proxy: Proxy(), se:cdp: ws://localhost:57684/devtoo..., se:cdpVersion: 107.0.5304.122, setWindowRect: true, strictFileInteractability: false, timeouts: {implicit: 0, pageLoad: 300000, script: 30000}, unhandledPromptBehavior: dismiss and notify, webauthn:extension:credBlob: true, webauthn:extension:largeBlob: true, webauthn:virtualAuthenticators: true}
Session ID: 07c47563194162855305b485c571fccf
	at java.base/jdk.internal.reflect.DirectConstructorHandleAccessor.newInstance(DirectConstructorHandleAccessor.java:67)
	at java.base/java.lang.reflect.Constructor.newInstanceWithCaller(Constructor.java:499)
	at java.base/java.lang.reflect.Constructor.newInstance(Constructor.java:483)
	at org.openqa.selenium.remote.codec.w3c.W3CHttpResponseCodec.createException(W3CHttpResponseCodec.java:200)
	at org.openqa.selenium.remote.codec.w3c.W3CHttpResponseCodec.decode(W3CHttpResponseCodec.java:133)
	at org.openqa.selenium.remote.codec.w3c.W3CHttpResponseCodec.decode(W3CHttpResponseCodec.java:53)
	at org.openqa.selenium.remote.HttpCommandExecutor.execute(HttpCommandExecutor.java:184)
	at org.openqa.selenium.remote.service.DriverCommandExecutor.invokeExecute(DriverCommandExecutor.java:167)
	at org.openqa.selenium.remote.service.DriverCommandExecutor.execute(DriverCommandExecutor.java:142)
	at org.openqa.selenium.remote.RemoteWebDriver.execute(RemoteWebDriver.java:547)
	at org.openqa.selenium.remote.ElementLocation$ElementFinder$2.findElement(ElementLocation.java:162)
	at org.openqa.selenium.remote.ElementLocation.findElement(ElementLocation.java:66)
	at org.openqa.selenium.remote.RemoteWebDriver.findElement(RemoteWebDriver.java:365)
	at org.openqa.selenium.remote.RemoteWebDriver.findElement(RemoteWebDriver.java:357)
	at org.openqa.selenium.support.pagefactory.DefaultElementLocator.findElement(DefaultElementLocator.java:70)
	at org.openqa.selenium.support.pagefactory.internal.LocatingElementHandler.invoke(LocatingElementHandler.java:39)
	at jdk.proxy2/jdk.proxy2.$Proxy23.sendKeys(Unknown Source)
	at pages.LoginPage.userNameTxt(LoginPage.java:42)
	at stepDefinations.LoginUsers.admin_logged_on_to_lms_website(LoginUsers.java:27)
	at ✽.Admin Logged on to LMS Website(file:///C:/Users/Arivoli/eclipse-workspace/LMS-20221128T034204Z-001/LMS/src/test/resources/features/3Program_AddNewProgram01.feature:4)

Enters Only Description  in Program Details window(Add A New Program Functionality)  Time elapsed: 18.971 sec  <<< ERROR!
org.openqa.selenium.NoSuchElementException: no such element: Unable to locate element: {"method":"css selector","selector":"#id_username"}
  (Session info: chrome=107.0.5304.122)
For documentation on this error, please visit: https://selenium.dev/exceptions/#no_such_element
Build info: version: '4.4.0', revision: 'e5c75ed026a'
System info: host: 'DESKTOP-EOOD945', ip: '192.168.1.101', os.name: 'Windows 11', os.arch: 'amd64', os.version: '10.0', java.version: '18.0.2.1'
Driver info: org.openqa.selenium.chrome.ChromeDriver
Command: [48c805670460596b854c7754c09407f2, findElement {using=id, value=id_username}]
Capabilities {acceptInsecureCerts: false, browserName: chrome, browserVersion: 107.0.5304.122, chrome: {chromedriverVersion: 107.0.5304.62 (1eec40d3a576..., userDataDir: C:\Users\Arivoli\AppData\Lo...}, goog:chromeOptions: {debuggerAddress: localhost:57711}, networkConnectionEnabled: false, pageLoadStrategy: normal, platformName: WINDOWS, proxy: Proxy(), se:cdp: ws://localhost:57711/devtoo..., se:cdpVersion: 107.0.5304.122, setWindowRect: true, strictFileInteractability: false, timeouts: {implicit: 0, pageLoad: 300000, script: 30000}, unhandledPromptBehavior: dismiss and notify, webauthn:extension:credBlob: true, webauthn:extension:largeBlob: true, webauthn:virtualAuthenticators: true}
Session ID: 48c805670460596b854c7754c09407f2
	at java.base/jdk.internal.reflect.DirectConstructorHandleAccessor.newInstance(DirectConstructorHandleAccessor.java:67)
	at java.base/java.lang.reflect.Constructor.newInstanceWithCaller(Constructor.java:499)
	at java.base/java.lang.reflect.Constructor.newInstance(Constructor.java:483)
	at org.openqa.selenium.remote.codec.w3c.W3CHttpResponseCodec.createException(W3CHttpResponseCodec.java:200)
	at org.openqa.selenium.remote.codec.w3c.W3CHttpResponseCodec.decode(W3CHttpResponseCodec.java:133)
	at org.openqa.selenium.remote.codec.w3c.W3CHttpResponseCodec.decode(W3CHttpResponseCodec.java:53)
	at org.openqa.selenium.remote.HttpCommandExecutor.execute(HttpCommandExecutor.java:184)
	at org.openqa.selenium.remote.service.DriverCommandExecutor.invokeExecute(DriverCommandExecutor.java:167)
	at org.openqa.selenium.remote.service.DriverCommandExecutor.execute(DriverCommandExecutor.java:142)
	at org.openqa.selenium.remote.RemoteWebDriver.execute(RemoteWebDriver.java:547)
	at org.openqa.selenium.remote.ElementLocation$ElementFinder$2.findElement(ElementLocation.java:162)
	at org.openqa.selenium.remote.ElementLocation.findElement(ElementLocation.java:66)
	at org.openqa.selenium.remote.RemoteWebDriver.findElement(RemoteWebDriver.java:365)
	at org.openqa.selenium.remote.RemoteWebDriver.findElement(RemoteWebDriver.java:357)
	at org.openqa.selenium.support.pagefactory.DefaultElementLocator.findElement(DefaultElementLocator.java:70)
	at org.openqa.selenium.support.pagefactory.internal.LocatingElementHandler.invoke(LocatingElementHandler.java:39)
[...]
	at org.openqa.selenium.remote.RemoteWebDriver.findElement(RemoteWebDriver.java:365)
	at org.openqa.selenium.remote.RemoteWebDriver.findElement(RemoteWebDriver.java:357)
	at org.openqa.selenium.support.pagefactory.DefaultElementLocator.findElement(DefaultElementLocator.java:70)
	at org.openqa.selenium.support.pagefactory.internal.LocatingElementHandler.invoke(LocatingElementHandler.java:39)
	at jdk.proxy2/jdk.proxy2.$Proxy23.sendKeys(Unknown Source)
	at pages.LoginPage.userNameTxt(LoginPage.java:42)
	at stepDefinations.LoginUsers.admin_logged_on_to_lms_website(LoginUsers.java:27)
	at ✽.Admin Logged on to LMS Website(file:///C:/Users/Arivoli/eclipse-workspace/LMS-20221128T034204Z-001/LMS/src/test/resources/features/7Attendence_EditFunctionality04.feature:4)

Validating the Attendance Footer(Footer Validation)  Time elapsed: 19.048 sec  <<< ERROR!
org.openqa.selenium.NoSuchElementException: no such element: Unable to locate element: {"method":"css selector","selector":"#id_username"}
  (Session info: chrome=107.0.5304.122)
For documentation on this error, please visit: https://selenium.dev/exceptions/#no_such_element
Build info: version: '4.4.0', revision: 'e5c75ed026a'
System info: host: 'DESKTOP-EOOD945', ip: '192.168.1.101', os.name: 'Windows 11', os.arch: 'amd64', os.version: '10.0', java.version: '18.0.2.1'
Driver info: org.openqa.selenium.chrome.ChromeDriver
Command: [a30cc302dd76b40c314316e58a4abea4, findElement {using=id, value=id_username}]
Capabilities {acceptInsecureCerts: false, browserName: chrome, browserVersion: 107.0.5304.122, chrome: {chromedriverVersion: 107.0.5304.62 (1eec40d3a576..., userDataDir: C:\Users\Arivoli\AppData\Lo...}, goog:chromeOptions: {debuggerAddress: localhost:63131}, networkConnectionEnabled: false, pageLoadStrategy: normal, platformName: WINDOWS, proxy: Proxy(), se:cdp: ws://localhost:63131/devtoo..., se:cdpVersion: 107.0.5304.122, setWindowRect: true, strictFileInteractability: false, timeouts: {implicit: 0, pageLoad: 300000, script: 30000}, unhandledPromptBehavior: dismiss and notify, webauthn:extension:credBlob: true, webauthn:extension:largeBlob: true, webauthn:virtualAuthenticators: true}
Session ID: a30cc302dd76b40c314316e58a4abea4
	at java.base/jdk.internal.reflect.DirectConstructorHandleAccessor.newInstance(DirectConstructorHandleAccessor.java:67)
	at java.base/java.lang.reflect.Constructor.newInstanceWithCaller(Constructor.java:499)
	at java.base/java.lang.reflect.Constructor.newInstance(Constructor.java:483)
	at org.openqa.selenium.remote.codec.w3c.W3CHttpResponseCodec.createException(W3CHttpResponseCodec.java:200)
	at org.openqa.selenium.remote.codec.w3c.W3CHttpResponseCodec.decode(W3CHttpResponseCodec.java:133)
	at org.openqa.selenium.remote.codec.w3c.W3CHttpResponseCodec.decode(W3CHttpResponseCodec.java:53)
	at org.openqa.selenium.remote.HttpCommandExecutor.execute(HttpCommandExecutor.java:184)
	at org.openqa.selenium.remote.service.DriverCommandExecutor.invokeExecute(DriverCommandExecutor.java:167)
	at org.openqa.selenium.remote.service.DriverCommandExecutor.execute(DriverCommandExecutor.java:142)
	at org.openqa.selenium.remote.RemoteWebDriver.execute(RemoteWebDriver.java:547)
	at org.openqa.selenium.remote.ElementLocation$ElementFinder$2.findElement(ElementLocation.java:162)
	at org.openqa.selenium.remote.ElementLocation.findElement(ElementLocation.java:66)
	at org.openqa.selenium.remote.RemoteWebDriver.findElement(RemoteWebDriver.java:365)
	at org.openqa.selenium.remote.RemoteWebDriver.findElement(RemoteWebDriver.java:357)
	at org.openqa.selenium.support.pagefactory.DefaultElementLocator.findElement(DefaultElementLocator.java:70)
	at org.openqa.selenium.support.pagefactory.internal.LocatingElementHandler.invoke(LocatingElementHandler.java:39)
	at jdk.proxy2/jdk.proxy2.$Proxy23.sendKeys(Unknown Source)
	at pages.LoginPage.userNameTxt(LoginPage.java:42)
	at stepDefinations.LoginUsers.admin_user_staff_Logged_on_to_lms_website(LoginUsers.java:19)
	at ✽.Admin/User/Staff Logged on to LMS website(file:///C:/Users/Arivoli/eclipse-workspace/LMS-20221128T034204Z-001/LMS/src/test/resources/features/7Attendence_Footer.feature:4)

Validating the Attendance Header(Header Validation)  Time elapsed: 18.966 sec  <<< ERROR!
org.openqa.selenium.NoSuchElementException: no such element: Unable to locate element: {"method":"css selector","selector":"#id_username"}
  (Session info: chrome=107.0.5304.122)
For documentation on this error, please visit: https://selenium.dev/exceptions/#no_such_element
Build info: version: '4.4.0', revision: 'e5c75ed026a'
System info: host: 'DESKTOP-EOOD945', ip: '192.168.1.101', os.name: 'Windows 11', os.arch: 'amd64', os.version: '10.0', java.version: '18.0.2.1'
Driver info: org.openqa.selenium.chrome.ChromeDriver
Command: [9cfbde09b89000e9194dd9e3bd65a93f, findElement {using=id, value=id_username}]
Capabilities {acceptInsecureCerts: false, browserName: chrome, browserVersion: 107.0.5304.122, chrome: {chromedriverVersion: 107.0.5304.62 (1eec40d3a576..., userDataDir: C:\Users\Arivoli\AppData\Lo...}, goog:chromeOptions: {debuggerAddress: localhost:63160}, networkConnectionEnabled: false, pageLoadStrategy: normal, platformName: WINDOWS, proxy: Proxy(), se:cdp: ws://localhost:63160/devtoo..., se:cdpVersion: 107.0.5304.122, setWindowRect: true, strictFileInteractability: false, timeouts: {implicit: 0, pageLoad: 300000, script: 30000}, unhandledPromptBehavior: dismiss and notify, webauthn:extension:credBlob: true, webauthn:extension:largeBlob: true, webauthn:virtualAuthenticators: true}
Session ID: 9cfbde09b89000e9194dd9e3bd65a93f
	at java.base/jdk.internal.reflect.DirectConstructorHandleAccessor.newInstance(DirectConstructorHandleAccessor.java:67)
	at java.base/java.lang.reflect.Constructor.newInstanceWithCaller(Constructor.java:499)
	at java.base/java.lang.reflect.Constructor.newInstance(Constructor.java:483)
	at org.openqa.selenium.remote.codec.w3c.W3CHttpResponseCodec.createException(W3CHttpResponseCodec.java:200)
	at org.openqa.selenium.remote.codec.w3c.W3CHttpResponseCodec.decode(W3CHttpResponseCodec.java:133)
	at org.openqa.selenium.remote.codec.w3c.W3CHttpResponseCodec.decode(W3CHttpResponseCodec.java:53)
	at org.openqa.selenium.remote.HttpCommandExecutor.execute(HttpCommandExecutor.java:184)
	at org.openqa.selenium.remote.service.DriverCommandExecutor.invokeExecute(DriverCommandExecutor.java:167)
	at org.openqa.selenium.remote.service.DriverCommandExecutor.execute(DriverCommandExecutor.java:142)
	at org.openqa.selenium.remote.RemoteWebDriver.execute(RemoteWebDriver.java:547)
	at org.openqa.selenium.remote.ElementLocation$ElementFinder$2.findElement(ElementLocation.java:162)
	at org.openqa.selenium.remote.ElementLocation.findElement(ElementLocation.java:66)
	at org.openqa.selenium.remote.RemoteWebDriver.findElement(RemoteWebDriver.java:365)
	at org.openqa.selenium.remote.RemoteWebDriver.findElement(RemoteWebDriver.java:357)
	at org.openqa.selenium.support.pagefactory.DefaultElementLocator.findElement(DefaultElementLocator.java:70)
	at org.openqa.selenium.support.pagefactory.internal.LocatingElementHandler.invoke(LocatingElementHandler.java:39)
	at jdk.proxy2/jdk.proxy2.$Proxy23.sendKeys(Unknown Source)
	at pages.LoginPage.userNameTxt(LoginPage.java:42)
	at stepDefinations.LoginUsers.admin_user_staff_Logged_on_to_lms_website(LoginUsers.java:19)
	at ✽.Admin/User/Staff Logged on to LMS website(file:///C:/Users/Arivoli/eclipse-workspace/LMS-20221128T034204Z-001/LMS/src/test/resources/features/7Attendence_Header.feature:4)

Validating the Attendance Paginator(Paginator Validation)  Time elapsed: 19.172 sec  <<< ERROR!
org.openqa.selenium.NoSuchElementException: no such element: Unable to locate element: {"method":"css selector","selector":"#id_username"}
  (Session info: chrome=107.0.5304.122)
For documentation on this error, please visit: https://selenium.dev/exceptions/#no_such_element
Build info: version: '4.4.0', revision: 'e5c75ed026a'
System info: host: 'DESKTOP-EOOD945', ip: '192.168.1.101', os.name: 'Windows 11', os.arch: 'amd64', os.version: '10.0', java.version: '18.0.2.1'
Driver info: org.openqa.selenium.chrome.ChromeDriver
Command: [5cba5b0a51160eb55c88762d497a711e, findElement {using=id, value=id_username}]
Capabilities {acceptInsecureCerts: false, browserName: chrome, browserVersion: 107.0.5304.122, chrome: {chromedriverVersion: 107.0.5304.62 (1eec40d3a576..., userDataDir: C:\Users\Arivoli\AppData\Lo...}, goog:chromeOptions: {debuggerAddress: localhost:63187}, networkConnectionEnabled: false, pageLoadStrategy: normal, platformName: WINDOWS, proxy: Proxy(), se:cdp: ws://localhost:63187/devtoo..., se:cdpVersion: 107.0.5304.122, setWindowRect: true, strictFileInteractability: false, timeouts: {implicit: 0, pageLoad: 300000, script: 30000}, unhandledPromptBehavior: dismiss and notify, webauthn:extension:credBlob: true, webauthn:extension:largeBlob: true, webauthn:virtualAuthenticators: true}
Session ID: 5cba5b0a51160eb55c88762d497a711e
	at java.base/jdk.internal.reflect.DirectConstructorHandleAccessor.newInstance(DirectConstructorHandleAccessor.java:67)
	at java.base/java.lang.reflect.Constructor.newInstanceWithCaller(Constructor.java:499)
	at java.base/java.lang.reflect.Constructor.newInstance(Constructor.java:483)
	at org.openqa.selenium.remote.codec.w3c.W3CHttpResponseCodec.createException(W3CHttpResponseCodec.java:200)
	at org.openqa.selenium.remote.codec.w3c.W3CHttpResponseCodec.decode(W3CHttpResponseCodec.java:133)
	at org.openqa.selenium.remote.codec.w3c.W3CHttpResponseCodec.decode(W3CHttpResponseCodec.java:53)
	at org.openqa.selenium.remote.HttpCommandExecutor.execute(HttpCommandExecutor.java:184)
	at org.openqa.selenium.remote.service.DriverCommandExecutor.invokeExecute(DriverCommandExecutor.java:167)
	at org.openqa.selenium.remote.service.DriverCommandExecutor.execute(DriverCommandExecutor.java:142)
	at org.openqa.selenium.remote.RemoteWebDriver.execute(RemoteWebDriver.java:547)
	at org.openqa.selenium.remote.ElementLocation$ElementFinder$2.findElement(ElementLocation.java:162)
	at org.openqa.selenium.remote.ElementLocation.findElement(ElementLocation.java:66)
	at org.openqa.selenium.remote.RemoteWebDriver.findElement(RemoteWebDriver.java:365)
	at org.openqa.selenium.remote.RemoteWebDriver.findElement(RemoteWebDriver.java:357)
	at org.openqa.selenium.support.pagefactory.DefaultElementLocator.findElement(DefaultElementLocator.java:70)
	at org.openqa.selenium.support.pagefactory.internal.LocatingElementHandler.invoke(LocatingElementHandler.java:39)
	at jdk.proxy2/jdk.proxy2.$Proxy23.sendKeys(Unknown Source)
	at pages.LoginPage.userNameTxt(LoginPage.java:42)
	at stepDefinations.LoginUsers.admin_user_staff_Logged_on_to_lms_website(LoginUsers.java:19)
	at ✽.Admin/User/Staff Logged on to LMS website(file:///C:/Users/Arivoli/eclipse-workspace/LMS-20221128T034204Z-001/LMS/src/test/resources/features/7Attendence_Paginator.feature:4)

Verify All paginator button on the Attendance page(Paginator Validation)  Time elapsed: 18.378 sec  <<< ERROR!
org.openqa.selenium.TimeoutException: timeout: Timed out receiving message from renderer: 0.277
  (Session info: chrome=107.0.5304.122)
Build info: version: '4.4.0', revision: 'e5c75ed026a'
System info: host: 'DESKTOP-EOOD945', ip: '192.168.1.101', os.name: 'Windows 11', os.arch: 'amd64', os.version: '10.0', java.version: '18.0.2.1'
Driver info: org.openqa.selenium.chrome.ChromeDriver
Command: [8cdeb938f41e56ac23e0ca8c3d58fd3d, get {url=https://dsportalapp.herokuapp.com/}]
Capabilities {acceptInsecureCerts: false, browserName: chrome, browserVersion: 107.0.5304.122, chrome: {chromedriverVersion: 107.0.5304.62 (1eec40d3a576..., userDataDir: C:\Users\Arivoli\AppData\Lo...}, goog:chromeOptions: {debuggerAddress: localhost:63214}, networkConnectionEnabled: false, pageLoadStrategy: normal, platformName: WINDOWS, proxy: Proxy(), se:cdp: ws://localhost:63214/devtoo..., se:cdpVersion: 107.0.5304.122, setWindowRect: true, strictFileInteractability: false, timeouts: {implicit: 0, pageLoad: 300000, script: 30000}, unhandledPromptBehavior: dismiss and notify, webauthn:extension:credBlob: true, webauthn:extension:largeBlob: true, webauthn:virtualAuthenticators: true}
Session ID: 8cdeb938f41e56ac23e0ca8c3d58fd3d
	at java.base/jdk.internal.reflect.DirectConstructorHandleAccessor.newInstance(DirectConstructorHandleAccessor.java:67)
	at java.base/java.lang.reflect.Constructor.newInstanceWithCaller(Constructor.java:499)
	at java.base/java.lang.reflect.Constructor.newInstance(Constructor.java:483)
	at org.openqa.selenium.remote.codec.w3c.W3CHttpResponseCodec.createException(W3CHttpResponseCodec.java:200)
	at org.openqa.selenium.remote.codec.w3c.W3CHttpResponseCodec.decode(W3CHttpResponseCodec.java:133)
	at org.openqa.selenium.remote.codec.w3c.W3CHttpResponseCodec.decode(W3CHttpResponseCodec.java:53)
	at org.openqa.selenium.remote.HttpCommandExecutor.execute(HttpCommandExecutor.java:184)
	at org.openqa.selenium.remote.service.DriverCommandExecutor.invokeExecute(DriverCommandExecutor.java:167)
	at org.openqa.selenium.remote.service.DriverCommandExecutor.execute(DriverCommandExecutor.java:142)
	at org.openqa.selenium.remote.RemoteWebDriver.execute(RemoteWebDriver.java:547)
	at org.openqa.selenium.remote.RemoteWebDriver.get(RemoteWebDriver.java:310)
	at baseClass.TestBase.Initialization(TestBase.java:56)
	at stepDefinations.Hooks.setUp(Hooks.java:13)

Verifying the Functionality of a Present button(Present Functionality)  Time elapsed: 19.014 sec  <<< ERROR!
org.openqa.selenium.NoSuchElementException: no such element: Unable to locate element: {"method":"css selector","selector":"#id_username"}
  (Session info: chrome=107.0.5304.122)
For documentation on this error, please visit: https://selenium.dev/exceptions/#no_such_element
Build info: version: '4.4.0', revision: 'e5c75ed026a'
System info: host: 'DESKTOP-EOOD945', ip: '192.168.1.101', os.name: 'Windows 11', os.arch: 'amd64', os.version: '10.0', java.version: '18.0.2.1'
Driver info: org.openqa.selenium.chrome.ChromeDriver
Command: [2c440555b90bb7c1d2dfbf9f21e63a14, findElement {using=id, value=id_username}]
Capabilities {acceptInsecureCerts: false, browserName: chrome, browserVersion: 107.0.5304.122, chrome: {chromedriverVersion: 107.0.5304.62 (1eec40d3a576..., userDataDir: C:\Users\Arivoli\AppData\Lo...}, goog:chromeOptions: {debuggerAddress: localhost:63240}, networkConnectionEnabled: false, pageLoadStrategy: normal, platformName: WINDOWS, proxy: Proxy(), se:cdp: ws://localhost:63240/devtoo..., se:cdpVersion: 107.0.5304.122, setWindowRect: true, strictFileInteractability: false, timeouts: {implicit: 0, pageLoad: 300000, script: 30000}, unhandledPromptBehavior: dismiss and notify, webauthn:extension:credBlob: true, webauthn:extension:largeBlob: true, webauthn:virtualAuthenticators: true}
Session ID: 2c440555b90bb7c1d2dfbf9f21e63a14
	at java.base/jdk.internal.reflect.DirectConstructorHandleAccessor.newInstance(DirectConstructorHandleAccessor.java:67)
	at java.base/java.lang.reflect.Constructor.newInstanceWithCaller(Constructor.java:499)
	at java.base/java.lang.reflect.Constructor.newInstance(Constructor.java:483)
	at org.openqa.selenium.remote.codec.w3c.W3CHttpResponseCodec.createException(W3CHttpResponseCodec.java:200)
	at org.openqa.selenium.remote.codec.w3c.W3CHttpResponseCodec.decode(W3CHttpResponseCodec.java:133)
	at org.openqa.selenium.remote.codec.w3c.W3CHttpResponseCodec.decode(W3CHttpResponseCodec.java:53)
	at org.openqa.selenium.remote.HttpCommandExecutor.execute(HttpCommandExecutor.java:184)
	at org.openqa.selenium.remote.service.DriverCommandExecutor.invokeExecute(DriverCommandExecutor.java:167)
	at org.openqa.selenium.remote.service.DriverCommandExecutor.execute(DriverCommandExecutor.java:142)
	at org.openqa.selenium.remote.RemoteWebDriver.execute(RemoteWebDriver.java:547)
	at org.openqa.selenium.remote.ElementLocation$ElementFinder$2.findElement(ElementLocation.java:162)
	at org.openqa.selenium.remote.ElementLocation.findElement(ElementLocation.java:66)
	at org.openqa.selenium.remote.RemoteWebDriver.findElement(RemoteWebDriver.java:365)
	at org.openqa.selenium.remote.RemoteWebDriver.findElement(RemoteWebDriver.java:357)
	at org.openqa.selenium.support.pagefactory.DefaultElementLocator.findElement(DefaultElementLocator.java:70)
	at org.openqa.selenium.support.pagefactory.internal.LocatingElementHandler.invoke(LocatingElementHandler.java:39)
	at jdk.proxy2/jdk.proxy2.$Proxy23.sendKeys(Unknown Source)
	at pages.LoginPage.userNameTxt(LoginPage.java:42)
	at stepDefinations.LoginUsers.admin_user_staff_Logged_on_to_lms_website(LoginUsers.java:19)
	at ✽.Admin/User/Staff Logged on to LMS website(file:///C:/Users/Arivoli/eclipse-workspace/LMS-20221128T034204Z-001/LMS/src/test/resources/features/7Attendence_PresentFunctionality.feature:4)

Validating  LogOut Button(LogOut button)  Time elapsed: 1.898 sec  <<< ERROR!
io.cucumber.core.exception.CucumberException: Step [Admin\/User\/Staff Logged on to LMS website] is defined with 1 parameters at 'stepDefinations.LoginUsers.admin_user_staff_Logged_on_to_lms_website(io.cucumber.datatable.DataTable)'.
However, the gherkin step has 0 arguments.
Step text: Admin/User/Staff Logged on to LMS website
	at io.cucumber.core.runner.PickleStepDefinitionMatch.arityMismatch(PickleStepDefinitionMatch.java:134)
	at io.cucumber.core.runner.PickleStepDefinitionMatch.runStep(PickleStepDefinitionMatch.java:42)
	at io.cucumber.core.runner.TestStep.executeStep(TestStep.java:64)
	at io.cucumber.core.runner.TestStep.run(TestStep.java:49)
	at io.cucumber.core.runner.PickleStepTestStep.run(PickleStepTestStep.java:46)
	at io.cucumber.core.runner.TestCase.run(TestCase.java:51)
	at io.cucumber.core.runner.Runner.runPickle(Runner.java:67)
	at io.cucumber.junit.PickleRunners$NoStepDescriptions.run(PickleRunners.java:149)
	at io.cucumber.junit.FeatureRunner.runChild(FeatureRunner.java:83)
	at io.cucumber.junit.FeatureRunner.runChild(FeatureRunner.java:24)
	at org.junit.runners.ParentRunner$4.run(ParentRunner.java:331)
	at org.junit.runners.ParentRunner$1.schedule(ParentRunner.java:79)
	at org.junit.runners.ParentRunner.runChildren(ParentRunner.java:329)
	at org.junit.runners.ParentRunner.access$100(ParentRunner.java:66)
	at org.junit.runners.ParentRunner$2.evaluate(ParentRunner.java:293)
	at org.junit.runners.ParentRunner$3.evaluate(ParentRunner.java:306)
	at org.junit.runners.ParentRunner.run(ParentRunner.java:413)
	at io.cucumber.junit.Cucumber.runChild(Cucumber.java:185)
	at io.cucumber.junit.Cucumber.runChild(Cucumber.java:83)
	at org.junit.runners.ParentRunner$4.run(ParentRunner.java:331)
	at org.junit.runners.ParentRunner$1.schedule(ParentRunner.java:79)
	at org.junit.runners.ParentRunner.runChildren(ParentRunner.java:329)
	at org.junit.runners.ParentRunner.access$100(ParentRunner.java:66)
	at org.junit.runners.ParentRunner$2.evaluate(ParentRunner.java:293)
	at io.cucumber.junit.Cucumber$RunCucumber.evaluate(Cucumber.java:219)
	at org.junit.runners.ParentRunner$3.evaluate(ParentRunner.java:306)
	at org.junit.runners.ParentRunner.run(ParentRunner.java:413)
	at org.apache.maven.surefire.junit4.JUnit4Provider.execute(JUnit4Provider.java:252)
	at org.apache.maven.surefire.junit4.JUnit4Provider.executeTestSet(JUnit4Provider.java:141)
	at org.apache.maven.surefire.junit4.JUnit4Provider.invoke(JUnit4Provider.java:112)
	at java.base/jdk.internal.reflect.DirectMethodHandleAccessor.invoke(DirectMethodHandleAccessor.java:104)
	at java.base/java.lang.reflect.Method.invoke(Method.java:577)
	at org.apache.maven.surefire.util.ReflectionUtils.invokeMethodWithArray(ReflectionUtils.java:189)
	at org.apache.maven.surefire.booter.ProviderFactory$ProviderProxy.invoke(ProviderFactory.java:165)
	at org.apache.maven.surefire.booter.ProviderFactory.invokeProvider(ProviderFactory.java:85)
	at org.apache.maven.surefire.booter.ForkedBooter.runSuitesInProcess(ForkedBooter.java:115)
	at org.apache.maven.surefire.booter.ForkedBooter.main(ForkedBooter.java:75)

